[ 2019-03-20T09:30:40+08:00 ] 127.0.0.1 /
INFO: [ app_init ] --START--
INFO: Run Behavior\BuildLiteBehavior [ RunTime:0.000000s ]
INFO: [ app_init ] --END-- [ RunTime:0.004000s ]
INFO: [ app_begin ] --START--
INFO: Run Behavior\ReadHtmlCacheBehavior [ RunTime:0.001001s ]
INFO: [ app_begin ] --END-- [ RunTime:0.002001s ]

[ 2019-03-20T09:30:40+08:00 ] 127.0.0.1 /index.php/Home/Login/login.html
INFO: [ app_init ] --START--
INFO: Run Behavior\BuildLiteBehavior [ RunTime:0.000000s ]
INFO: [ app_init ] --END-- [ RunTime:0.001000s ]
INFO: [ app_begin ] --START--
INFO: Run Behavior\ReadHtmlCacheBehavior [ RunTime:0.001000s ]
INFO: [ app_begin ] --END-- [ RunTime:0.001000s ]
SQL: SHOW COLUMNS FROM `iot_user` [ RunTime:0.0200s ]
SQL: SELECT * FROM `iot_user` WHERE `user_id` = null LIMIT 1   [ RunTime:0.0000s ]
INFO: [ view_parse ] --START--
INFO: [ template_filter ] --START--
INFO: Run Behavior\ContentReplaceBehavior [ RunTime:0.000000s ]
INFO: [ template_filter ] --END-- [ RunTime:0.000000s ]
INFO: Run Behavior\ParseTemplateBehavior [ RunTime:0.026002s ]
INFO: [ view_parse ] --END-- [ RunTime:0.026002s ]
INFO: [ view_filter ] --START--
INFO: Run Behavior\WriteHtmlCacheBehavior [ RunTime:0.001000s ]
INFO: [ view_filter ] --END-- [ RunTime:0.001000s ]
INFO: [ app_end ] --START--
INFO: Run Behavior\ShowPageTraceBehavior [ RunTime:0.001000s ]
INFO: [ app_end ] --END-- [ RunTime:0.001000s ]

[ 2019-03-20T09:30:48+08:00 ] 127.0.0.1 /index.php/Home/Login/login.html
INFO: [ app_init ] --START--
INFO: Run Behavior\BuildLiteBehavior [ RunTime:0.000000s ]
INFO: [ app_init ] --END-- [ RunTime:0.002000s ]
INFO: [ app_begin ] --START--
INFO: Run Behavior\ReadHtmlCacheBehavior [ RunTime:0.002000s ]
INFO: [ app_begin ] --END-- [ RunTime:0.002000s ]
SQL: SHOW COLUMNS FROM `iot_user` [ RunTime:0.0140s ]
SQL: SELECT * FROM `iot_user` WHERE `user_id` = null LIMIT 1   [ RunTime:0.0010s ]
SQL: SELECT * FROM `iot_user` WHERE `uname` = 'xinglong' AND `password` = '01c94f043ccbdb7cf7aab1efb82908ad' AND `status` = 1 AND `is_delete` = 0 LIMIT 1   [ RunTime:0.0010s ]
SQL: UPDATE `iot_user` SET `unix_logtime`='1553045448' WHERE `user_id` = 39 [ RunTime:0.0180s ]

[ 2019-03-20T09:30:49+08:00 ] 127.0.0.1 /index.php/Home/Index/index.html
INFO: [ app_init ] --START--
INFO: Run Behavior\BuildLiteBehavior [ RunTime:0.000000s ]
INFO: [ app_init ] --END-- [ RunTime:0.001000s ]
INFO: [ app_begin ] --START--
INFO: Run Behavior\ReadHtmlCacheBehavior [ RunTime:0.001000s ]
INFO: [ app_begin ] --END-- [ RunTime:0.001000s ]
SQL: SHOW COLUMNS FROM `iot_user` [ RunTime:0.0190s ]
SQL: SELECT * FROM `iot_user` WHERE `user_id` = 39 LIMIT 1   [ RunTime:0.0010s ]
INFO: [ view_parse ] --START--
INFO: [ template_filter ] --START--
INFO: Run Behavior\ContentReplaceBehavior [ RunTime:0.000000s ]
INFO: [ template_filter ] --END-- [ RunTime:0.000000s ]
NOTIC: [8] Undefined variable: Think E:\WorkSpace\company\hs_haier\Runtime\Cache\Home\d4ea57e018bcaebd76bd4736ad257054.php 第 123 行.
NOTIC: [8] Undefined variable: Think E:\WorkSpace\company\hs_haier\Runtime\Cache\Home\d4ea57e018bcaebd76bd4736ad257054.php 第 124 行.
NOTIC: [8] Undefined variable: Think E:\WorkSpace\company\hs_haier\Runtime\Cache\Home\d4ea57e018bcaebd76bd4736ad257054.php 第 125 行.
NOTIC: [8] Undefined variable: Think E:\WorkSpace\company\hs_haier\Runtime\Cache\Home\d4ea57e018bcaebd76bd4736ad257054.php 第 126 行.
NOTIC: [8] Undefined variable: Think E:\WorkSpace\company\hs_haier\Runtime\Cache\Home\d4ea57e018bcaebd76bd4736ad257054.php 第 127 行.
NOTIC: [8] Undefined variable: Think E:\WorkSpace\company\hs_haier\Runtime\Cache\Home\d4ea57e018bcaebd76bd4736ad257054.php 第 128 行.
NOTIC: [8] Undefined variable: Think E:\WorkSpace\company\hs_haier\Runtime\Cache\Home\d4ea57e018bcaebd76bd4736ad257054.php 第 129 行.
NOTIC: [8] Undefined variable: Think E:\WorkSpace\company\hs_haier\Runtime\Cache\Home\d4ea57e018bcaebd76bd4736ad257054.php 第 130 行.
NOTIC: [8] Undefined variable: Think E:\WorkSpace\company\hs_haier\Runtime\Cache\Home\d4ea57e018bcaebd76bd4736ad257054.php 第 131 行.
INFO: Run Behavior\ParseTemplateBehavior [ RunTime:0.034002s ]
INFO: [ view_parse ] --END-- [ RunTime:0.034002s ]
INFO: [ view_filter ] --START--
INFO: Run Behavior\WriteHtmlCacheBehavior [ RunTime:0.000000s ]
INFO: [ view_filter ] --END-- [ RunTime:0.001000s ]
INFO: [ app_end ] --START--
INFO: Run Behavior\ShowPageTraceBehavior [ RunTime:0.001000s ]
INFO: [ app_end ] --END-- [ RunTime:0.001000s ]

[ 2019-03-20T09:30:57+08:00 ] 127.0.0.1 /index.php/Home/Environment/environment.html
INFO: [ app_init ] --START--
INFO: Run Behavior\BuildLiteBehavior [ RunTime:0.000000s ]
INFO: [ app_init ] --END-- [ RunTime:0.001000s ]
INFO: [ app_begin ] --START--
INFO: Run Behavior\ReadHtmlCacheBehavior [ RunTime:0.001000s ]
INFO: [ app_begin ] --END-- [ RunTime:0.001000s ]
SQL: SHOW COLUMNS FROM `iot_user` [ RunTime:0.0140s ]
SQL: SELECT * FROM `iot_user` WHERE `user_id` = 39 LIMIT 1   [ RunTime:0.0000s ]
INFO: [ view_parse ] --START--
INFO: [ template_filter ] --START--
INFO: Run Behavior\ContentReplaceBehavior [ RunTime:0.001000s ]
INFO: [ template_filter ] --END-- [ RunTime:0.001000s ]
NOTIC: [8] Undefined variable: Think E:\WorkSpace\company\hs_haier\Runtime\Cache\Home\7c6b21db418973163a2081cf76dbb02f.php 第 199 行.
NOTIC: [8] Undefined variable: Think E:\WorkSpace\company\hs_haier\Runtime\Cache\Home\7c6b21db418973163a2081cf76dbb02f.php 第 200 行.
NOTIC: [8] Undefined variable: Think E:\WorkSpace\company\hs_haier\Runtime\Cache\Home\7c6b21db418973163a2081cf76dbb02f.php 第 201 行.
NOTIC: [8] Undefined variable: Think E:\WorkSpace\company\hs_haier\Runtime\Cache\Home\7c6b21db418973163a2081cf76dbb02f.php 第 202 行.
NOTIC: [8] Undefined variable: Think E:\WorkSpace\company\hs_haier\Runtime\Cache\Home\7c6b21db418973163a2081cf76dbb02f.php 第 203 行.
NOTIC: [8] Undefined variable: Think E:\WorkSpace\company\hs_haier\Runtime\Cache\Home\7c6b21db418973163a2081cf76dbb02f.php 第 204 行.
NOTIC: [8] Undefined variable: Think E:\WorkSpace\company\hs_haier\Runtime\Cache\Home\7c6b21db418973163a2081cf76dbb02f.php 第 205 行.
NOTIC: [8] Undefined variable: Think E:\WorkSpace\company\hs_haier\Runtime\Cache\Home\7c6b21db418973163a2081cf76dbb02f.php 第 206 行.
NOTIC: [8] Undefined variable: Think E:\WorkSpace\company\hs_haier\Runtime\Cache\Home\7c6b21db418973163a2081cf76dbb02f.php 第 207 行.
INFO: Run Behavior\ParseTemplateBehavior [ RunTime:0.021001s ]
INFO: [ view_parse ] --END-- [ RunTime:0.022001s ]
INFO: [ view_filter ] --START--
INFO: Run Behavior\WriteHtmlCacheBehavior [ RunTime:0.001000s ]
INFO: [ view_filter ] --END-- [ RunTime:0.001000s ]
INFO: [ app_end ] --START--
INFO: Run Behavior\ShowPageTraceBehavior [ RunTime:0.001000s ]
INFO: [ app_end ] --END-- [ RunTime:0.002000s ]

[ 2019-03-20T09:30:57+08:00 ] 127.0.0.1 /index.php/Home/Environment/[%E8%BF%99%E9%87%8C%E5%8F%AF%E4%BB%A5%E5%A1%AB%E5%85%A5%E5%B0%81%E9%9D%A2%E5%9B%BE%E7%89%87URL]
INFO: [ app_init ] --START--
INFO: Run Behavior\BuildLiteBehavior [ RunTime:0.000000s ]
INFO: [ app_init ] --END-- [ RunTime:0.001000s ]
INFO: [ app_begin ] --START--
INFO: Run Behavior\ReadHtmlCacheBehavior [ RunTime:0.003000s ]
INFO: [ app_begin ] --END-- [ RunTime:0.004000s ]
SQL: SHOW COLUMNS FROM `iot_user` [ RunTime:0.0160s ]
SQL: SELECT * FROM `iot_user` WHERE `user_id` = 39 LIMIT 1   [ RunTime:0.0010s ]
INFO: [ view_parse ] --START--
INFO: [ template_filter ] --START--
INFO: Run Behavior\ContentReplaceBehavior [ RunTime:0.000000s ]
INFO: [ template_filter ] --END-- [ RunTime:0.001001s ]
INFO: Run Behavior\ParseTemplateBehavior [ RunTime:0.017001s ]
INFO: [ view_parse ] --END-- [ RunTime:0.017001s ]
INFO: [ view_filter ] --START--
INFO: Run Behavior\WriteHtmlCacheBehavior [ RunTime:0.001000s ]
INFO: [ view_filter ] --END-- [ RunTime:0.002000s ]
INFO: [ app_end ] --START--
INFO: Run Behavior\ShowPageTraceBehavior [ RunTime:0.002000s ]
INFO: [ app_end ] --END-- [ RunTime:0.002000s ]

[ 2019-03-20T09:30:58+08:00 ] 127.0.0.1 /index.php/Home/Environment/[%E8%BF%99%E9%87%8C%E5%8F%AF%E4%BB%A5%E5%A1%AB%E5%85%A5%E5%B0%81%E9%9D%A2%E5%9B%BE%E7%89%87URL]
INFO: [ app_init ] --START--
INFO: Run Behavior\BuildLiteBehavior [ RunTime:0.000000s ]
INFO: [ app_init ] --END-- [ RunTime:0.001000s ]
INFO: [ app_begin ] --START--
INFO: Run Behavior\ReadHtmlCacheBehavior [ RunTime:0.002000s ]
INFO: [ app_begin ] --END-- [ RunTime:0.003000s ]
SQL: SHOW COLUMNS FROM `iot_user` [ RunTime:0.0180s ]
SQL: SELECT * FROM `iot_user` WHERE `user_id` = 39 LIMIT 1   [ RunTime:0.0010s ]
INFO: [ view_parse ] --START--
INFO: [ template_filter ] --START--
INFO: Run Behavior\ContentReplaceBehavior [ RunTime:0.001000s ]
INFO: [ template_filter ] --END-- [ RunTime:0.001000s ]
INFO: Run Behavior\ParseTemplateBehavior [ RunTime:0.015001s ]
INFO: [ view_parse ] --END-- [ RunTime:0.016001s ]
INFO: [ view_filter ] --START--
INFO: Run Behavior\WriteHtmlCacheBehavior [ RunTime:0.001000s ]
INFO: [ view_filter ] --END-- [ RunTime:0.002000s ]
INFO: [ app_end ] --START--
INFO: Run Behavior\ShowPageTraceBehavior [ RunTime:0.002001s ]
INFO: [ app_end ] --END-- [ RunTime:0.002001s ]

[ 2019-03-20T09:30:59+08:00 ] 127.0.0.1 /index.php/Home/Environment/envMap
INFO: [ app_init ] --START--
INFO: Run Behavior\BuildLiteBehavior [ RunTime:0.000000s ]
INFO: [ app_init ] --END-- [ RunTime:0.001000s ]
INFO: [ app_begin ] --START--
INFO: Run Behavior\ReadHtmlCacheBehavior [ RunTime:0.001000s ]
INFO: [ app_begin ] --END-- [ RunTime:0.002000s ]
SQL: SHOW COLUMNS FROM `iot_user` [ RunTime:0.0170s ]
SQL: SELECT * FROM `iot_user` WHERE `user_id` = 39 LIMIT 1   [ RunTime:0.0010s ]
SQL: SHOW COLUMNS FROM `iot_device` [ RunTime:0.0180s ]
SQL: SELECT * FROM `iot_device`  [ RunTime:0.0010s ]
NOTIC: [8192] Function split() is deprecated E:\WorkSpace\company\hs_haier\Application\Home\Controller\EnvironmentController.class.php 第 70 行.
NOTIC: [8192] Function split() is deprecated E:\WorkSpace\company\hs_haier\Application\Home\Controller\EnvironmentController.class.php 第 70 行.
NOTIC: [8192] Function split() is deprecated E:\WorkSpace\company\hs_haier\Application\Home\Controller\EnvironmentController.class.php 第 70 行.
NOTIC: [8192] Function split() is deprecated E:\WorkSpace\company\hs_haier\Application\Home\Controller\EnvironmentController.class.php 第 70 行.

[ 2019-03-20T09:30:59+08:00 ] 127.0.0.1 /index.php/Home/Environment/environment.html
INFO: [ app_init ] --START--
INFO: Run Behavior\BuildLiteBehavior [ RunTime:0.000000s ]
INFO: [ app_init ] --END-- [ RunTime:0.001000s ]
INFO: [ app_begin ] --START--
INFO: Run Behavior\ReadHtmlCacheBehavior [ RunTime:0.002001s ]
INFO: [ app_begin ] --END-- [ RunTime:0.002001s ]
SQL: SHOW COLUMNS FROM `iot_user` [ RunTime:0.0280s ]
SQL: SELECT * FROM `iot_user` WHERE `user_id` = 39 LIMIT 1   [ RunTime:0.0010s ]
INFO: [ view_parse ] --START--
INFO: [ template_filter ] --START--
INFO: Run Behavior\ContentReplaceBehavior [ RunTime:0.001000s ]
INFO: [ template_filter ] --END-- [ RunTime:0.001000s ]
NOTIC: [8] Undefined variable: Think E:\WorkSpace\company\hs_haier\Runtime\Cache\Home\7c6b21db418973163a2081cf76dbb02f.php 第 199 行.
NOTIC: [8] Undefined variable: Think E:\WorkSpace\company\hs_haier\Runtime\Cache\Home\7c6b21db418973163a2081cf76dbb02f.php 第 200 行.
NOTIC: [8] Undefined variable: Think E:\WorkSpace\company\hs_haier\Runtime\Cache\Home\7c6b21db418973163a2081cf76dbb02f.php 第 201 行.
NOTIC: [8] Undefined variable: Think E:\WorkSpace\company\hs_haier\Runtime\Cache\Home\7c6b21db418973163a2081cf76dbb02f.php 第 202 行.
NOTIC: [8] Undefined variable: Think E:\WorkSpace\company\hs_haier\Runtime\Cache\Home\7c6b21db418973163a2081cf76dbb02f.php 第 203 行.
NOTIC: [8] Undefined variable: Think E:\WorkSpace\company\hs_haier\Runtime\Cache\Home\7c6b21db418973163a2081cf76dbb02f.php 第 204 行.
NOTIC: [8] Undefined variable: Think E:\WorkSpace\company\hs_haier\Runtime\Cache\Home\7c6b21db418973163a2081cf76dbb02f.php 第 205 行.
NOTIC: [8] Undefined variable: Think E:\WorkSpace\company\hs_haier\Runtime\Cache\Home\7c6b21db418973163a2081cf76dbb02f.php 第 206 行.
NOTIC: [8] Undefined variable: Think E:\WorkSpace\company\hs_haier\Runtime\Cache\Home\7c6b21db418973163a2081cf76dbb02f.php 第 207 行.
INFO: Run Behavior\ParseTemplateBehavior [ RunTime:0.036003s ]
INFO: [ view_parse ] --END-- [ RunTime:0.037003s ]
INFO: [ view_filter ] --START--
INFO: Run Behavior\WriteHtmlCacheBehavior [ RunTime:0.001000s ]
INFO: [ view_filter ] --END-- [ RunTime:0.001000s ]
INFO: [ app_end ] --START--
INFO: Run Behavior\ShowPageTraceBehavior [ RunTime:0.001000s ]
INFO: [ app_end ] --END-- [ RunTime:0.002000s ]

[ 2019-03-20T09:42:00+08:00 ] 127.0.0.1 /index.php/Home/Environment/envMap
INFO: [ app_init ] --START--
INFO: Run Behavior\BuildLiteBehavior [ RunTime:0.000000s ]
INFO: [ app_init ] --END-- [ RunTime:0.002000s ]
INFO: [ app_begin ] --START--
INFO: Run Behavior\ReadHtmlCacheBehavior [ RunTime:0.001000s ]
INFO: [ app_begin ] --END-- [ RunTime:0.003000s ]
SQL: SHOW COLUMNS FROM `iot_user` [ RunTime:0.0140s ]
SQL: SELECT * FROM `iot_user` WHERE `user_id` = 39 LIMIT 1   [ RunTime:0.0000s ]
SQL: SHOW COLUMNS FROM `iot_device` [ RunTime:0.0140s ]
SQL: SELECT * FROM `iot_device`  [ RunTime:0.0000s ]
NOTIC: [8192] Function split() is deprecated E:\WorkSpace\company\hs_haier\Application\Home\Controller\EnvironmentController.class.php 第 70 行.
NOTIC: [8192] Function split() is deprecated E:\WorkSpace\company\hs_haier\Application\Home\Controller\EnvironmentController.class.php 第 70 行.
NOTIC: [8192] Function split() is deprecated E:\WorkSpace\company\hs_haier\Application\Home\Controller\EnvironmentController.class.php 第 70 行.
NOTIC: [8192] Function split() is deprecated E:\WorkSpace\company\hs_haier\Application\Home\Controller\EnvironmentController.class.php 第 70 行.

[ 2019-03-20T09:42:04+08:00 ] 127.0.0.1 /index.php/Home/produce/produce.html
INFO: [ app_init ] --START--
INFO: Run Behavior\BuildLiteBehavior [ RunTime:0.000000s ]
INFO: [ app_init ] --END-- [ RunTime:0.001000s ]
INFO: [ app_begin ] --START--
INFO: Run Behavior\ReadHtmlCacheBehavior [ RunTime:0.001001s ]
INFO: [ app_begin ] --END-- [ RunTime:0.001001s ]
SQL: SHOW COLUMNS FROM `iot_user` [ RunTime:0.0140s ]
SQL: SELECT * FROM `iot_user` WHERE `user_id` = 39 LIMIT 1   [ RunTime:0.0010s ]
INFO: [ view_parse ] --START--
INFO: [ template_filter ] --START--
INFO: Run Behavior\ContentReplaceBehavior [ RunTime:0.001000s ]
INFO: [ template_filter ] --END-- [ RunTime:0.001000s ]
NOTIC: [8] Undefined variable: Think E:\WorkSpace\company\hs_haier\Runtime\Cache\Home\330a61eead60852268a226e7c32281ec.php 第 69 行.
NOTIC: [8] Undefined variable: Think E:\WorkSpace\company\hs_haier\Runtime\Cache\Home\330a61eead60852268a226e7c32281ec.php 第 70 行.
NOTIC: [8] Undefined variable: Think E:\WorkSpace\company\hs_haier\Runtime\Cache\Home\330a61eead60852268a226e7c32281ec.php 第 71 行.
NOTIC: [8] Undefined variable: Think E:\WorkSpace\company\hs_haier\Runtime\Cache\Home\330a61eead60852268a226e7c32281ec.php 第 72 行.
NOTIC: [8] Undefined variable: Think E:\WorkSpace\company\hs_haier\Runtime\Cache\Home\330a61eead60852268a226e7c32281ec.php 第 73 行.
NOTIC: [8] Undefined variable: Think E:\WorkSpace\company\hs_haier\Runtime\Cache\Home\330a61eead60852268a226e7c32281ec.php 第 74 行.
NOTIC: [8] Undefined variable: Think E:\WorkSpace\company\hs_haier\Runtime\Cache\Home\330a61eead60852268a226e7c32281ec.php 第 75 行.
NOTIC: [8] Undefined variable: Think E:\WorkSpace\company\hs_haier\Runtime\Cache\Home\330a61eead60852268a226e7c32281ec.php 第 76 行.
NOTIC: [8] Undefined variable: Think E:\WorkSpace\company\hs_haier\Runtime\Cache\Home\330a61eead60852268a226e7c32281ec.php 第 77 行.
INFO: Run Behavior\ParseTemplateBehavior [ RunTime:0.033002s ]
INFO: [ view_parse ] --END-- [ RunTime:0.033002s ]
INFO: [ view_filter ] --START--
INFO: Run Behavior\WriteHtmlCacheBehavior [ RunTime:0.001000s ]
INFO: [ view_filter ] --END-- [ RunTime:0.001000s ]
INFO: [ app_end ] --START--
INFO: Run Behavior\ShowPageTraceBehavior [ RunTime:0.001000s ]
INFO: [ app_end ] --END-- [ RunTime:0.001000s ]

[ 2019-03-20T09:42:11+08:00 ] 127.0.0.1 /
INFO: [ app_init ] --START--
INFO: Run Behavior\BuildLiteBehavior [ RunTime:0.000000s ]
INFO: [ app_init ] --END-- [ RunTime:0.000000s ]
INFO: [ app_begin ] --START--
INFO: Run Behavior\ReadHtmlCacheBehavior [ RunTime:0.001000s ]
INFO: [ app_begin ] --END-- [ RunTime:0.001000s ]
SQL: SHOW COLUMNS FROM `iot_user` [ RunTime:0.0120s ]
SQL: SELECT * FROM `iot_user` WHERE `user_id` = 39 LIMIT 1   [ RunTime:0.0000s ]
INFO: [ view_parse ] --START--
INFO: [ template_filter ] --START--
INFO: Run Behavior\ContentReplaceBehavior [ RunTime:0.000000s ]
INFO: [ template_filter ] --END-- [ RunTime:0.001000s ]
NOTIC: [8] Undefined variable: Think E:\WorkSpace\company\hs_haier\Runtime\Cache\Home\d4ea57e018bcaebd76bd4736ad257054.php 第 123 行.
NOTIC: [8] Undefined variable: Think E:\WorkSpace\company\hs_haier\Runtime\Cache\Home\d4ea57e018bcaebd76bd4736ad257054.php 第 124 行.
NOTIC: [8] Undefined variable: Think E:\WorkSpace\company\hs_haier\Runtime\Cache\Home\d4ea57e018bcaebd76bd4736ad257054.php 第 125 行.
NOTIC: [8] Undefined variable: Think E:\WorkSpace\company\hs_haier\Runtime\Cache\Home\d4ea57e018bcaebd76bd4736ad257054.php 第 126 行.
NOTIC: [8] Undefined variable: Think E:\WorkSpace\company\hs_haier\Runtime\Cache\Home\d4ea57e018bcaebd76bd4736ad257054.php 第 127 行.
NOTIC: [8] Undefined variable: Think E:\WorkSpace\company\hs_haier\Runtime\Cache\Home\d4ea57e018bcaebd76bd4736ad257054.php 第 128 行.
NOTIC: [8] Undefined variable: Think E:\WorkSpace\company\hs_haier\Runtime\Cache\Home\d4ea57e018bcaebd76bd4736ad257054.php 第 129 行.
NOTIC: [8] Undefined variable: Think E:\WorkSpace\company\hs_haier\Runtime\Cache\Home\d4ea57e018bcaebd76bd4736ad257054.php 第 130 行.
NOTIC: [8] Undefined variable: Think E:\WorkSpace\company\hs_haier\Runtime\Cache\Home\d4ea57e018bcaebd76bd4736ad257054.php 第 131 行.
INFO: Run Behavior\ParseTemplateBehavior [ RunTime:0.023002s ]
INFO: [ view_parse ] --END-- [ RunTime:0.024002s ]
INFO: [ view_filter ] --START--
INFO: Run Behavior\WriteHtmlCacheBehavior [ RunTime:0.001000s ]
INFO: [ view_filter ] --END-- [ RunTime:0.001000s ]
INFO: [ app_end ] --START--
INFO: Run Behavior\ShowPageTraceBehavior [ RunTime:0.001000s ]
INFO: [ app_end ] --END-- [ RunTime:0.002000s ]

[ 2019-03-20T09:42:19+08:00 ] 127.0.0.1 /index.php/Home/produce/produce.html
INFO: [ app_init ] --START--
INFO: Run Behavior\BuildLiteBehavior [ RunTime:0.000000s ]
INFO: [ app_init ] --END-- [ RunTime:0.001000s ]
INFO: [ app_begin ] --START--
INFO: Run Behavior\ReadHtmlCacheBehavior [ RunTime:0.001000s ]
INFO: [ app_begin ] --END-- [ RunTime:0.001000s ]
SQL: SHOW COLUMNS FROM `iot_user` [ RunTime:0.0130s ]
SQL: SELECT * FROM `iot_user` WHERE `user_id` = 39 LIMIT 1   [ RunTime:0.0000s ]
INFO: [ view_parse ] --START--
INFO: [ template_filter ] --START--
INFO: Run Behavior\ContentReplaceBehavior [ RunTime:0.000000s ]
INFO: [ template_filter ] --END-- [ RunTime:0.002000s ]
NOTIC: [8] Undefined variable: Think E:\WorkSpace\company\hs_haier\Runtime\Cache\Home\330a61eead60852268a226e7c32281ec.php 第 69 行.
NOTIC: [8] Undefined variable: Think E:\WorkSpace\company\hs_haier\Runtime\Cache\Home\330a61eead60852268a226e7c32281ec.php 第 70 行.
NOTIC: [8] Undefined variable: Think E:\WorkSpace\company\hs_haier\Runtime\Cache\Home\330a61eead60852268a226e7c32281ec.php 第 71 行.
NOTIC: [8] Undefined variable: Think E:\WorkSpace\company\hs_haier\Runtime\Cache\Home\330a61eead60852268a226e7c32281ec.php 第 72 行.
NOTIC: [8] Undefined variable: Think E:\WorkSpace\company\hs_haier\Runtime\Cache\Home\330a61eead60852268a226e7c32281ec.php 第 73 行.
NOTIC: [8] Undefined variable: Think E:\WorkSpace\company\hs_haier\Runtime\Cache\Home\330a61eead60852268a226e7c32281ec.php 第 74 行.
NOTIC: [8] Undefined variable: Think E:\WorkSpace\company\hs_haier\Runtime\Cache\Home\330a61eead60852268a226e7c32281ec.php 第 75 行.
NOTIC: [8] Undefined variable: Think E:\WorkSpace\company\hs_haier\Runtime\Cache\Home\330a61eead60852268a226e7c32281ec.php 第 76 行.
NOTIC: [8] Undefined variable: Think E:\WorkSpace\company\hs_haier\Runtime\Cache\Home\330a61eead60852268a226e7c32281ec.php 第 77 行.
INFO: Run Behavior\ParseTemplateBehavior [ RunTime:0.024002s ]
INFO: [ view_parse ] --END-- [ RunTime:0.024002s ]
INFO: [ view_filter ] --START--
INFO: Run Behavior\WriteHtmlCacheBehavior [ RunTime:0.001000s ]
INFO: [ view_filter ] --END-- [ RunTime:0.001000s ]
INFO: [ app_end ] --START--
INFO: Run Behavior\ShowPageTraceBehavior [ RunTime:0.002000s ]
INFO: [ app_end ] --END-- [ RunTime:0.002000s ]

[ 2019-03-20T09:42:23+08:00 ] 127.0.0.1 /index.php/Home/Environment/environment.html
INFO: [ app_init ] --START--
INFO: Run Behavior\BuildLiteBehavior [ RunTime:0.000000s ]
INFO: [ app_init ] --END-- [ RunTime:0.001000s ]
INFO: [ app_begin ] --START--
INFO: Run Behavior\ReadHtmlCacheBehavior [ RunTime:0.001000s ]
INFO: [ app_begin ] --END-- [ RunTime:0.002000s ]
SQL: SHOW COLUMNS FROM `iot_user` [ RunTime:0.0110s ]
SQL: SELECT * FROM `iot_user` WHERE `user_id` = 39 LIMIT 1   [ RunTime:0.0010s ]
INFO: [ view_parse ] --START--
INFO: [ template_filter ] --START--
INFO: Run Behavior\ContentReplaceBehavior [ RunTime:0.001000s ]
INFO: [ template_filter ] --END-- [ RunTime:0.001000s ]
NOTIC: [8] Undefined variable: Think E:\WorkSpace\company\hs_haier\Runtime\Cache\Home\7c6b21db418973163a2081cf76dbb02f.php 第 199 行.
NOTIC: [8] Undefined variable: Think E:\WorkSpace\company\hs_haier\Runtime\Cache\Home\7c6b21db418973163a2081cf76dbb02f.php 第 200 行.
NOTIC: [8] Undefined variable: Think E:\WorkSpace\company\hs_haier\Runtime\Cache\Home\7c6b21db418973163a2081cf76dbb02f.php 第 201 行.
NOTIC: [8] Undefined variable: Think E:\WorkSpace\company\hs_haier\Runtime\Cache\Home\7c6b21db418973163a2081cf76dbb02f.php 第 202 行.
NOTIC: [8] Undefined variable: Think E:\WorkSpace\company\hs_haier\Runtime\Cache\Home\7c6b21db418973163a2081cf76dbb02f.php 第 203 行.
NOTIC: [8] Undefined variable: Think E:\WorkSpace\company\hs_haier\Runtime\Cache\Home\7c6b21db418973163a2081cf76dbb02f.php 第 204 行.
NOTIC: [8] Undefined variable: Think E:\WorkSpace\company\hs_haier\Runtime\Cache\Home\7c6b21db418973163a2081cf76dbb02f.php 第 205 行.
NOTIC: [8] Undefined variable: Think E:\WorkSpace\company\hs_haier\Runtime\Cache\Home\7c6b21db418973163a2081cf76dbb02f.php 第 206 行.
NOTIC: [8] Undefined variable: Think E:\WorkSpace\company\hs_haier\Runtime\Cache\Home\7c6b21db418973163a2081cf76dbb02f.php 第 207 行.
INFO: Run Behavior\ParseTemplateBehavior [ RunTime:0.022002s ]
INFO: [ view_parse ] --END-- [ RunTime:0.023002s ]
INFO: [ view_filter ] --START--
INFO: Run Behavior\WriteHtmlCacheBehavior [ RunTime:0.001000s ]
INFO: [ view_filter ] --END-- [ RunTime:0.002000s ]
INFO: [ app_end ] --START--
INFO: Run Behavior\ShowPageTraceBehavior [ RunTime:0.001000s ]
INFO: [ app_end ] --END-- [ RunTime:0.001000s ]

[ 2019-03-20T09:42:23+08:00 ] 127.0.0.1 /index.php/Home/Environment/[%E8%BF%99%E9%87%8C%E5%8F%AF%E4%BB%A5%E5%A1%AB%E5%85%A5%E5%B0%81%E9%9D%A2%E5%9B%BE%E7%89%87URL]
INFO: [ app_init ] --START--
INFO: Run Behavior\BuildLiteBehavior [ RunTime:0.000000s ]
INFO: [ app_init ] --END-- [ RunTime:0.001000s ]
INFO: [ app_begin ] --START--
INFO: Run Behavior\ReadHtmlCacheBehavior [ RunTime:0.002000s ]
INFO: [ app_begin ] --END-- [ RunTime:0.002000s ]
SQL: SHOW COLUMNS FROM `iot_user` [ RunTime:0.0210s ]
SQL: SELECT * FROM `iot_user` WHERE `user_id` = 39 LIMIT 1   [ RunTime:0.0010s ]
INFO: [ view_parse ] --START--
INFO: [ template_filter ] --START--
INFO: Run Behavior\ContentReplaceBehavior [ RunTime:0.000000s ]
INFO: [ template_filter ] --END-- [ RunTime:0.001000s ]
INFO: Run Behavior\ParseTemplateBehavior [ RunTime:0.026001s ]
INFO: [ view_parse ] --END-- [ RunTime:0.026001s ]
INFO: [ view_filter ] --START--
INFO: Run Behavior\WriteHtmlCacheBehavior [ RunTime:0.002001s ]
INFO: [ view_filter ] --END-- [ RunTime:0.003001s ]
INFO: [ app_end ] --START--
INFO: Run Behavior\ShowPageTraceBehavior [ RunTime:0.006000s ]
INFO: [ app_end ] --END-- [ RunTime:0.006000s ]

[ 2019-03-20T09:42:23+08:00 ] 127.0.0.1 /index.php/Home/Environment/envMap
INFO: [ app_init ] --START--
INFO: Run Behavior\BuildLiteBehavior [ RunTime:0.000000s ]
INFO: [ app_init ] --END-- [ RunTime:0.001000s ]
INFO: [ app_begin ] --START--
INFO: Run Behavior\ReadHtmlCacheBehavior [ RunTime:0.002000s ]
INFO: [ app_begin ] --END-- [ RunTime:0.002000s ]
SQL: SHOW COLUMNS FROM `iot_user` [ RunTime:0.0130s ]
SQL: SELECT * FROM `iot_user` WHERE `user_id` = 39 LIMIT 1   [ RunTime:0.0000s ]
SQL: SHOW COLUMNS FROM `iot_device` [ RunTime:0.0150s ]
SQL: SELECT * FROM `iot_device`  [ RunTime:0.0000s ]
NOTIC: [8192] Function split() is deprecated E:\WorkSpace\company\hs_haier\Application\Home\Controller\EnvironmentController.class.php 第 70 行.
NOTIC: [8192] Function split() is deprecated E:\WorkSpace\company\hs_haier\Application\Home\Controller\EnvironmentController.class.php 第 70 行.
NOTIC: [8192] Function split() is deprecated E:\WorkSpace\company\hs_haier\Application\Home\Controller\EnvironmentController.class.php 第 70 行.
NOTIC: [8192] Function split() is deprecated E:\WorkSpace\company\hs_haier\Application\Home\Controller\EnvironmentController.class.php 第 70 行.

[ 2019-03-20T09:42:27+08:00 ] 127.0.0.1 /index.php/Home/Environment/env_list/device_code/121.html
INFO: [ app_init ] --START--
INFO: Run Behavior\BuildLiteBehavior [ RunTime:0.000000s ]
INFO: [ app_init ] --END-- [ RunTime:0.001000s ]
INFO: [ app_begin ] --START--
INFO: Run Behavior\ReadHtmlCacheBehavior [ RunTime:0.001000s ]
INFO: [ app_begin ] --END-- [ RunTime:0.002000s ]
SQL: SHOW COLUMNS FROM `iot_user` [ RunTime:0.0190s ]
SQL: SELECT * FROM `iot_user` WHERE `user_id` = 39 LIMIT 1   [ RunTime:0.0000s ]
INFO: [ view_parse ] --START--
INFO: [ template_filter ] --START--
INFO: Run Behavior\ContentReplaceBehavior [ RunTime:0.001000s ]
INFO: [ template_filter ] --END-- [ RunTime:0.001000s ]
NOTIC: [8] Undefined variable: Think E:\WorkSpace\company\hs_haier\Runtime\Cache\Home\ebe548eecf74cfddc30385db965ee6a8.php 第 200 行.
NOTIC: [8] Undefined variable: Think E:\WorkSpace\company\hs_haier\Runtime\Cache\Home\ebe548eecf74cfddc30385db965ee6a8.php 第 201 行.
NOTIC: [8] Undefined variable: Think E:\WorkSpace\company\hs_haier\Runtime\Cache\Home\ebe548eecf74cfddc30385db965ee6a8.php 第 202 行.
NOTIC: [8] Undefined variable: Think E:\WorkSpace\company\hs_haier\Runtime\Cache\Home\ebe548eecf74cfddc30385db965ee6a8.php 第 203 行.
NOTIC: [8] Undefined variable: Think E:\WorkSpace\company\hs_haier\Runtime\Cache\Home\ebe548eecf74cfddc30385db965ee6a8.php 第 204 行.
NOTIC: [8] Undefined variable: Think E:\WorkSpace\company\hs_haier\Runtime\Cache\Home\ebe548eecf74cfddc30385db965ee6a8.php 第 205 行.
NOTIC: [8] Undefined variable: Think E:\WorkSpace\company\hs_haier\Runtime\Cache\Home\ebe548eecf74cfddc30385db965ee6a8.php 第 206 行.
NOTIC: [8] Undefined variable: Think E:\WorkSpace\company\hs_haier\Runtime\Cache\Home\ebe548eecf74cfddc30385db965ee6a8.php 第 207 行.
NOTIC: [8] Undefined variable: Think E:\WorkSpace\company\hs_haier\Runtime\Cache\Home\ebe548eecf74cfddc30385db965ee6a8.php 第 208 行.
NOTIC: [8] Undefined variable: Think E:\WorkSpace\company\hs_haier\Runtime\Cache\Home\ebe548eecf74cfddc30385db965ee6a8.php 第 226 行.
NOTIC: [8] Undefined variable: Think E:\WorkSpace\company\hs_haier\Runtime\Cache\Home\ebe548eecf74cfddc30385db965ee6a8.php 第 229 行.
INFO: Run Behavior\ParseTemplateBehavior [ RunTime:0.031002s ]
INFO: [ view_parse ] --END-- [ RunTime:0.031002s ]
INFO: [ view_filter ] --START--
INFO: Run Behavior\WriteHtmlCacheBehavior [ RunTime:0.001000s ]
INFO: [ view_filter ] --END-- [ RunTime:0.001000s ]
INFO: [ app_end ] --START--
INFO: Run Behavior\ShowPageTraceBehavior [ RunTime:0.003000s ]
INFO: [ app_end ] --END-- [ RunTime:0.003000s ]

[ 2019-03-20T09:42:28+08:00 ] 127.0.0.1 /index.php/Home/Environment/dataTable.html?page=1&limit=10&device_code=121
INFO: [ app_init ] --START--
INFO: Run Behavior\BuildLiteBehavior [ RunTime:0.000000s ]
INFO: [ app_init ] --END-- [ RunTime:0.001000s ]
INFO: [ app_begin ] --START--
INFO: Run Behavior\ReadHtmlCacheBehavior [ RunTime:0.001001s ]
INFO: [ app_begin ] --END-- [ RunTime:0.002001s ]
SQL: SHOW COLUMNS FROM `iot_user` [ RunTime:0.0130s ]
SQL: SELECT * FROM `iot_user` WHERE `user_id` = 39 LIMIT 1   [ RunTime:0.0000s ]
SQL: SHOW COLUMNS FROM `iot_env` [ RunTime:0.0240s ]
SQL: SELECT * FROM `iot_env` ORDER BY unix_createdate desc LIMIT 1   [ RunTime:0.2290s ]
SQL: SELECT `env_id`,`temp`,`humidity`,`beam`,`wind_direction`,`wind_speed`,`unix_createdate` FROM `iot_env` WHERE ( device_code=121 ) ORDER BY unix_createdate desc LIMIT 0,10   [ RunTime:0.1700s ]
SQL: SELECT COUNT(*) AS tp_count FROM `iot_env` WHERE ( device_code=121 ) LIMIT 1   [ RunTime:0.0660s ]

[ 2019-03-20T09:42:30+08:00 ] 127.0.0.1 /index.php/Home/Environment/video.html
INFO: [ app_init ] --START--
INFO: Run Behavior\BuildLiteBehavior [ RunTime:0.000000s ]
INFO: [ app_init ] --END-- [ RunTime:0.002000s ]
INFO: [ app_begin ] --START--
INFO: Run Behavior\ReadHtmlCacheBehavior [ RunTime:0.001000s ]
INFO: [ app_begin ] --END-- [ RunTime:0.001000s ]
SQL: SHOW COLUMNS FROM `iot_user` [ RunTime:0.0120s ]
SQL: SELECT * FROM `iot_user` WHERE `user_id` = 39 LIMIT 1   [ RunTime:0.0000s ]
INFO: [ view_parse ] --START--
INFO: [ template_filter ] --START--
INFO: Run Behavior\ContentReplaceBehavior [ RunTime:0.001000s ]
INFO: [ template_filter ] --END-- [ RunTime:0.001000s ]
NOTIC: [8] Undefined variable: Think E:\WorkSpace\company\hs_haier\Runtime\Cache\Home\1a2e3871b452f24266f9a28992f4dcf5.php 第 156 行.
NOTIC: [8] Undefined variable: Think E:\WorkSpace\company\hs_haier\Runtime\Cache\Home\1a2e3871b452f24266f9a28992f4dcf5.php 第 157 行.
NOTIC: [8] Undefined variable: Think E:\WorkSpace\company\hs_haier\Runtime\Cache\Home\1a2e3871b452f24266f9a28992f4dcf5.php 第 158 行.
NOTIC: [8] Undefined variable: Think E:\WorkSpace\company\hs_haier\Runtime\Cache\Home\1a2e3871b452f24266f9a28992f4dcf5.php 第 159 行.
NOTIC: [8] Undefined variable: Think E:\WorkSpace\company\hs_haier\Runtime\Cache\Home\1a2e3871b452f24266f9a28992f4dcf5.php 第 160 行.
NOTIC: [8] Undefined variable: Think E:\WorkSpace\company\hs_haier\Runtime\Cache\Home\1a2e3871b452f24266f9a28992f4dcf5.php 第 161 行.
NOTIC: [8] Undefined variable: Think E:\WorkSpace\company\hs_haier\Runtime\Cache\Home\1a2e3871b452f24266f9a28992f4dcf5.php 第 162 行.
NOTIC: [8] Undefined variable: Think E:\WorkSpace\company\hs_haier\Runtime\Cache\Home\1a2e3871b452f24266f9a28992f4dcf5.php 第 163 行.
NOTIC: [8] Undefined variable: Think E:\WorkSpace\company\hs_haier\Runtime\Cache\Home\1a2e3871b452f24266f9a28992f4dcf5.php 第 164 行.
NOTIC: [8] Undefined variable: Think E:\WorkSpace\company\hs_haier\Runtime\Cache\Home\1a2e3871b452f24266f9a28992f4dcf5.php 第 182 行.
NOTIC: [8] Undefined variable: Think E:\WorkSpace\company\hs_haier\Runtime\Cache\Home\1a2e3871b452f24266f9a28992f4dcf5.php 第 185 行.
INFO: Run Behavior\ParseTemplateBehavior [ RunTime:0.025001s ]
INFO: [ view_parse ] --END-- [ RunTime:0.025001s ]
INFO: [ view_filter ] --START--
INFO: Run Behavior\WriteHtmlCacheBehavior [ RunTime:0.001001s ]
INFO: [ view_filter ] --END-- [ RunTime:0.001001s ]
INFO: [ app_end ] --START--
INFO: Run Behavior\ShowPageTraceBehavior [ RunTime:0.002000s ]
INFO: [ app_end ] --END-- [ RunTime:0.002000s ]

[ 2019-03-20T09:42:30+08:00 ] 127.0.0.1 /index.php/Home/Environment/[%E8%BF%99%E9%87%8C%E5%8F%AF%E4%BB%A5%E5%A1%AB%E5%85%A5%E5%B0%81%E9%9D%A2%E5%9B%BE%E7%89%87URL]
INFO: [ app_init ] --START--
INFO: Run Behavior\BuildLiteBehavior [ RunTime:0.000000s ]
INFO: [ app_init ] --END-- [ RunTime:0.001000s ]
INFO: [ app_begin ] --START--
INFO: Run Behavior\ReadHtmlCacheBehavior [ RunTime:0.002000s ]
INFO: [ app_begin ] --END-- [ RunTime:0.002000s ]
SQL: SHOW COLUMNS FROM `iot_user` [ RunTime:0.0150s ]
SQL: SELECT * FROM `iot_user` WHERE `user_id` = 39 LIMIT 1   [ RunTime:0.0010s ]
INFO: [ view_parse ] --START--
INFO: [ template_filter ] --START--
INFO: Run Behavior\ContentReplaceBehavior [ RunTime:0.000000s ]
INFO: [ template_filter ] --END-- [ RunTime:0.000000s ]
INFO: Run Behavior\ParseTemplateBehavior [ RunTime:0.022002s ]
INFO: [ view_parse ] --END-- [ RunTime:0.023002s ]
INFO: [ view_filter ] --START--
INFO: Run Behavior\WriteHtmlCacheBehavior [ RunTime:0.001000s ]
INFO: [ view_filter ] --END-- [ RunTime:0.002000s ]
INFO: [ app_end ] --START--
INFO: Run Behavior\ShowPageTraceBehavior [ RunTime:0.004000s ]
INFO: [ app_end ] --END-- [ RunTime:0.004000s ]

[ 2019-03-20T09:42:33+08:00 ] 127.0.0.1 /index.php/Home/produce/produce.html
INFO: [ app_init ] --START--
INFO: Run Behavior\BuildLiteBehavior [ RunTime:0.000000s ]
INFO: [ app_init ] --END-- [ RunTime:0.002000s ]
INFO: [ app_begin ] --START--
INFO: Run Behavior\ReadHtmlCacheBehavior [ RunTime:0.001001s ]
INFO: [ app_begin ] --END-- [ RunTime:0.001001s ]
SQL: SHOW COLUMNS FROM `iot_user` [ RunTime:0.0120s ]
SQL: SELECT * FROM `iot_user` WHERE `user_id` = 39 LIMIT 1   [ RunTime:0.0010s ]
INFO: [ view_parse ] --START--
INFO: [ template_filter ] --START--
INFO: Run Behavior\ContentReplaceBehavior [ RunTime:0.001000s ]
INFO: [ template_filter ] --END-- [ RunTime:0.001000s ]
NOTIC: [8] Undefined variable: Think E:\WorkSpace\company\hs_haier\Runtime\Cache\Home\330a61eead60852268a226e7c32281ec.php 第 69 行.
NOTIC: [8] Undefined variable: Think E:\WorkSpace\company\hs_haier\Runtime\Cache\Home\330a61eead60852268a226e7c32281ec.php 第 70 行.
NOTIC: [8] Undefined variable: Think E:\WorkSpace\company\hs_haier\Runtime\Cache\Home\330a61eead60852268a226e7c32281ec.php 第 71 行.
NOTIC: [8] Undefined variable: Think E:\WorkSpace\company\hs_haier\Runtime\Cache\Home\330a61eead60852268a226e7c32281ec.php 第 72 行.
NOTIC: [8] Undefined variable: Think E:\WorkSpace\company\hs_haier\Runtime\Cache\Home\330a61eead60852268a226e7c32281ec.php 第 73 行.
NOTIC: [8] Undefined variable: Think E:\WorkSpace\company\hs_haier\Runtime\Cache\Home\330a61eead60852268a226e7c32281ec.php 第 74 行.
NOTIC: [8] Undefined variable: Think E:\WorkSpace\company\hs_haier\Runtime\Cache\Home\330a61eead60852268a226e7c32281ec.php 第 75 行.
NOTIC: [8] Undefined variable: Think E:\WorkSpace\company\hs_haier\Runtime\Cache\Home\330a61eead60852268a226e7c32281ec.php 第 76 行.
NOTIC: [8] Undefined variable: Think E:\WorkSpace\company\hs_haier\Runtime\Cache\Home\330a61eead60852268a226e7c32281ec.php 第 77 行.
INFO: Run Behavior\ParseTemplateBehavior [ RunTime:0.026002s ]
INFO: [ view_parse ] --END-- [ RunTime:0.026002s ]
INFO: [ view_filter ] --START--
INFO: Run Behavior\WriteHtmlCacheBehavior [ RunTime:0.001000s ]
INFO: [ view_filter ] --END-- [ RunTime:0.002000s ]
INFO: [ app_end ] --START--
INFO: Run Behavior\ShowPageTraceBehavior [ RunTime:0.002000s ]
INFO: [ app_end ] --END-- [ RunTime:0.002000s ]

[ 2019-03-20T09:42:46+08:00 ] 127.0.0.1 /index.php/Home/Produce/queryProdDataList.html
INFO: [ app_init ] --START--
INFO: Run Behavior\BuildLiteBehavior [ RunTime:0.000000s ]
INFO: [ app_init ] --END-- [ RunTime:0.002000s ]
INFO: [ app_begin ] --START--
INFO: Run Behavior\ReadHtmlCacheBehavior [ RunTime:0.001000s ]
INFO: [ app_begin ] --END-- [ RunTime:0.002000s ]
SQL: SHOW COLUMNS FROM `iot_user` [ RunTime:0.0110s ]
SQL: SELECT * FROM `iot_user` WHERE `user_id` = 39 LIMIT 1   [ RunTime:0.0000s ]
INFO: [ view_parse ] --START--
INFO: [ template_filter ] --START--
INFO: Run Behavior\ContentReplaceBehavior [ RunTime:0.000000s ]
INFO: [ template_filter ] --END-- [ RunTime:0.001000s ]
NOTIC: [8] Undefined variable: Think E:\WorkSpace\company\hs_haier\Runtime\Cache\Home\fbc7016f8ea235b7c37938bf483d18cf.php 第 69 行.
NOTIC: [8] Undefined variable: Think E:\WorkSpace\company\hs_haier\Runtime\Cache\Home\fbc7016f8ea235b7c37938bf483d18cf.php 第 70 行.
NOTIC: [8] Undefined variable: Think E:\WorkSpace\company\hs_haier\Runtime\Cache\Home\fbc7016f8ea235b7c37938bf483d18cf.php 第 71 行.
NOTIC: [8] Undefined variable: Think E:\WorkSpace\company\hs_haier\Runtime\Cache\Home\fbc7016f8ea235b7c37938bf483d18cf.php 第 72 行.
NOTIC: [8] Undefined variable: Think E:\WorkSpace\company\hs_haier\Runtime\Cache\Home\fbc7016f8ea235b7c37938bf483d18cf.php 第 73 行.
NOTIC: [8] Undefined variable: Think E:\WorkSpace\company\hs_haier\Runtime\Cache\Home\fbc7016f8ea235b7c37938bf483d18cf.php 第 74 行.
NOTIC: [8] Undefined variable: Think E:\WorkSpace\company\hs_haier\Runtime\Cache\Home\fbc7016f8ea235b7c37938bf483d18cf.php 第 75 行.
NOTIC: [8] Undefined variable: Think E:\WorkSpace\company\hs_haier\Runtime\Cache\Home\fbc7016f8ea235b7c37938bf483d18cf.php 第 76 行.
NOTIC: [8] Undefined variable: Think E:\WorkSpace\company\hs_haier\Runtime\Cache\Home\fbc7016f8ea235b7c37938bf483d18cf.php 第 77 行.
INFO: Run Behavior\ParseTemplateBehavior [ RunTime:0.024001s ]
INFO: [ view_parse ] --END-- [ RunTime:0.024001s ]
INFO: [ view_filter ] --START--
INFO: Run Behavior\WriteHtmlCacheBehavior [ RunTime:0.001000s ]
INFO: [ view_filter ] --END-- [ RunTime:0.001000s ]
INFO: [ app_end ] --START--
INFO: Run Behavior\ShowPageTraceBehavior [ RunTime:0.001000s ]
INFO: [ app_end ] --END-- [ RunTime:0.002000s ]

[ 2019-03-20T09:44:46+08:00 ] 127.0.0.1 /index.php/Home/sales/sales.html
INFO: [ app_init ] --START--
INFO: Run Behavior\BuildLiteBehavior [ RunTime:0.000000s ]
INFO: [ app_init ] --END-- [ RunTime:0.001000s ]
INFO: [ app_begin ] --START--
INFO: Run Behavior\ReadHtmlCacheBehavior [ RunTime:0.001000s ]
INFO: [ app_begin ] --END-- [ RunTime:0.001000s ]
SQL: SHOW COLUMNS FROM `iot_user` [ RunTime:0.0110s ]
SQL: SELECT * FROM `iot_user` WHERE `user_id` = 39 LIMIT 1   [ RunTime:0.0010s ]
INFO: [ view_parse ] --START--
INFO: [ template_filter ] --START--
INFO: Run Behavior\ContentReplaceBehavior [ RunTime:0.000000s ]
INFO: [ template_filter ] --END-- [ RunTime:0.001000s ]
NOTIC: [8] Undefined variable: Think E:\WorkSpace\company\hs_haier\Runtime\Cache\Home\714355c73fb2d0ebb30db0e88afac062.php 第 198 行.
NOTIC: [8] Undefined variable: Think E:\WorkSpace\company\hs_haier\Runtime\Cache\Home\714355c73fb2d0ebb30db0e88afac062.php 第 199 行.
NOTIC: [8] Undefined variable: Think E:\WorkSpace\company\hs_haier\Runtime\Cache\Home\714355c73fb2d0ebb30db0e88afac062.php 第 200 行.
NOTIC: [8] Undefined variable: Think E:\WorkSpace\company\hs_haier\Runtime\Cache\Home\714355c73fb2d0ebb30db0e88afac062.php 第 201 行.
NOTIC: [8] Undefined variable: Think E:\WorkSpace\company\hs_haier\Runtime\Cache\Home\714355c73fb2d0ebb30db0e88afac062.php 第 202 行.
NOTIC: [8] Undefined variable: Think E:\WorkSpace\company\hs_haier\Runtime\Cache\Home\714355c73fb2d0ebb30db0e88afac062.php 第 203 行.
NOTIC: [8] Undefined variable: Think E:\WorkSpace\company\hs_haier\Runtime\Cache\Home\714355c73fb2d0ebb30db0e88afac062.php 第 204 行.
NOTIC: [8] Undefined variable: Think E:\WorkSpace\company\hs_haier\Runtime\Cache\Home\714355c73fb2d0ebb30db0e88afac062.php 第 205 行.
NOTIC: [8] Undefined variable: Think E:\WorkSpace\company\hs_haier\Runtime\Cache\Home\714355c73fb2d0ebb30db0e88afac062.php 第 206 行.
INFO: Run Behavior\ParseTemplateBehavior [ RunTime:0.024001s ]
INFO: [ view_parse ] --END-- [ RunTime:0.024001s ]
INFO: [ view_filter ] --START--
INFO: Run Behavior\WriteHtmlCacheBehavior [ RunTime:0.000000s ]
INFO: [ view_filter ] --END-- [ RunTime:0.001000s ]
INFO: [ app_end ] --START--
INFO: Run Behavior\ShowPageTraceBehavior [ RunTime:0.002000s ]
INFO: [ app_end ] --END-- [ RunTime:0.002000s ]

[ 2019-03-20T09:44:46+08:00 ] 127.0.0.1 /index.php/Home/sales/getChartsData
INFO: [ app_init ] --START--
INFO: Run Behavior\BuildLiteBehavior [ RunTime:0.000000s ]
INFO: [ app_init ] --END-- [ RunTime:0.001000s ]
INFO: [ app_begin ] --START--
INFO: Run Behavior\ReadHtmlCacheBehavior [ RunTime:0.000000s ]
INFO: [ app_begin ] --END-- [ RunTime:0.002000s ]
SQL: SHOW COLUMNS FROM `iot_user` [ RunTime:0.0120s ]
SQL: SELECT * FROM `iot_user` WHERE `user_id` = 39 LIMIT 1   [ RunTime:0.0010s ]

[ 2019-03-20T09:45:13+08:00 ] 127.0.0.1 /
INFO: [ app_init ] --START--
INFO: Run Behavior\BuildLiteBehavior [ RunTime:0.000000s ]
INFO: [ app_init ] --END-- [ RunTime:0.001000s ]
INFO: [ app_begin ] --START--
INFO: Run Behavior\ReadHtmlCacheBehavior [ RunTime:0.001000s ]
INFO: [ app_begin ] --END-- [ RunTime:0.001000s ]
SQL: SHOW COLUMNS FROM `iot_user` [ RunTime:0.0120s ]
SQL: SELECT * FROM `iot_user` WHERE `user_id` = 39 LIMIT 1   [ RunTime:0.0000s ]
INFO: [ view_parse ] --START--
INFO: [ template_filter ] --START--
INFO: Run Behavior\ContentReplaceBehavior [ RunTime:0.001000s ]
INFO: [ template_filter ] --END-- [ RunTime:0.001000s ]
NOTIC: [8] Undefined variable: Think E:\WorkSpace\company\hs_haier\Runtime\Cache\Home\d4ea57e018bcaebd76bd4736ad257054.php 第 123 行.
NOTIC: [8] Undefined variable: Think E:\WorkSpace\company\hs_haier\Runtime\Cache\Home\d4ea57e018bcaebd76bd4736ad257054.php 第 124 行.
NOTIC: [8] Undefined variable: Think E:\WorkSpace\company\hs_haier\Runtime\Cache\Home\d4ea57e018bcaebd76bd4736ad257054.php 第 125 行.
NOTIC: [8] Undefined variable: Think E:\WorkSpace\company\hs_haier\Runtime\Cache\Home\d4ea57e018bcaebd76bd4736ad257054.php 第 126 行.
NOTIC: [8] Undefined variable: Think E:\WorkSpace\company\hs_haier\Runtime\Cache\Home\d4ea57e018bcaebd76bd4736ad257054.php 第 127 行.
NOTIC: [8] Undefined variable: Think E:\WorkSpace\company\hs_haier\Runtime\Cache\Home\d4ea57e018bcaebd76bd4736ad257054.php 第 128 行.
NOTIC: [8] Undefined variable: Think E:\WorkSpace\company\hs_haier\Runtime\Cache\Home\d4ea57e018bcaebd76bd4736ad257054.php 第 129 行.
NOTIC: [8] Undefined variable: Think E:\WorkSpace\company\hs_haier\Runtime\Cache\Home\d4ea57e018bcaebd76bd4736ad257054.php 第 130 行.
NOTIC: [8] Undefined variable: Think E:\WorkSpace\company\hs_haier\Runtime\Cache\Home\d4ea57e018bcaebd76bd4736ad257054.php 第 131 行.
INFO: Run Behavior\ParseTemplateBehavior [ RunTime:0.025002s ]
INFO: [ view_parse ] --END-- [ RunTime:0.025002s ]
INFO: [ view_filter ] --START--
INFO: Run Behavior\WriteHtmlCacheBehavior [ RunTime:0.001000s ]
INFO: [ view_filter ] --END-- [ RunTime:0.001000s ]
INFO: [ app_end ] --START--
INFO: Run Behavior\ShowPageTraceBehavior [ RunTime:0.001000s ]
INFO: [ app_end ] --END-- [ RunTime:0.001000s ]

[ 2019-03-20T10:02:10+08:00 ] 127.0.0.1 /
INFO: [ app_init ] --START--
INFO: Run Behavior\BuildLiteBehavior [ RunTime:0.000000s ]
INFO: [ app_init ] --END-- [ RunTime:0.000000s ]
INFO: [ app_begin ] --START--
INFO: Run Behavior\ReadHtmlCacheBehavior [ RunTime:0.001000s ]
INFO: [ app_begin ] --END-- [ RunTime:0.001000s ]
SQL: SHOW COLUMNS FROM `iot_user` [ RunTime:0.0220s ]
SQL: SELECT * FROM `iot_user` WHERE `user_id` = 39 LIMIT 1   [ RunTime:0.0000s ]
INFO: [ view_parse ] --START--
INFO: [ template_filter ] --START--
INFO: Run Behavior\ContentReplaceBehavior [ RunTime:0.001000s ]
INFO: [ template_filter ] --END-- [ RunTime:0.001000s ]
NOTIC: [8] Undefined variable: Think E:\WorkSpace\company\hs_haier\Runtime\Cache\Home\d4ea57e018bcaebd76bd4736ad257054.php 第 123 行.
NOTIC: [8] Undefined variable: Think E:\WorkSpace\company\hs_haier\Runtime\Cache\Home\d4ea57e018bcaebd76bd4736ad257054.php 第 124 行.
NOTIC: [8] Undefined variable: Think E:\WorkSpace\company\hs_haier\Runtime\Cache\Home\d4ea57e018bcaebd76bd4736ad257054.php 第 125 行.
NOTIC: [8] Undefined variable: Think E:\WorkSpace\company\hs_haier\Runtime\Cache\Home\d4ea57e018bcaebd76bd4736ad257054.php 第 126 行.
NOTIC: [8] Undefined variable: Think E:\WorkSpace\company\hs_haier\Runtime\Cache\Home\d4ea57e018bcaebd76bd4736ad257054.php 第 127 行.
NOTIC: [8] Undefined variable: Think E:\WorkSpace\company\hs_haier\Runtime\Cache\Home\d4ea57e018bcaebd76bd4736ad257054.php 第 128 行.
NOTIC: [8] Undefined variable: Think E:\WorkSpace\company\hs_haier\Runtime\Cache\Home\d4ea57e018bcaebd76bd4736ad257054.php 第 129 行.
NOTIC: [8] Undefined variable: Think E:\WorkSpace\company\hs_haier\Runtime\Cache\Home\d4ea57e018bcaebd76bd4736ad257054.php 第 130 行.
NOTIC: [8] Undefined variable: Think E:\WorkSpace\company\hs_haier\Runtime\Cache\Home\d4ea57e018bcaebd76bd4736ad257054.php 第 131 行.
INFO: Run Behavior\ParseTemplateBehavior [ RunTime:0.027001s ]
INFO: [ view_parse ] --END-- [ RunTime:0.027001s ]
INFO: [ view_filter ] --START--
INFO: Run Behavior\WriteHtmlCacheBehavior [ RunTime:0.001000s ]
INFO: [ view_filter ] --END-- [ RunTime:0.001000s ]
INFO: [ app_end ] --START--
INFO: Run Behavior\ShowPageTraceBehavior [ RunTime:0.001000s ]
INFO: [ app_end ] --END-- [ RunTime:0.002001s ]

[ 2019-03-20T10:03:01+08:00 ] 127.0.0.1 /
INFO: [ app_init ] --START--
INFO: Run Behavior\BuildLiteBehavior [ RunTime:0.000000s ]
INFO: [ app_init ] --END-- [ RunTime:0.001000s ]
INFO: [ app_begin ] --START--
INFO: Run Behavior\ReadHtmlCacheBehavior [ RunTime:0.001001s ]
INFO: [ app_begin ] --END-- [ RunTime:0.001001s ]
SQL: SHOW COLUMNS FROM `iot_user` [ RunTime:0.0190s ]
SQL: SELECT * FROM `iot_user` WHERE `user_id` = 39 LIMIT 1   [ RunTime:0.0000s ]
INFO: [ view_parse ] --START--
INFO: [ template_filter ] --START--
INFO: Run Behavior\ContentReplaceBehavior [ RunTime:0.001000s ]
INFO: [ template_filter ] --END-- [ RunTime:0.001000s ]
NOTIC: [8] Undefined variable: Think E:\WorkSpace\company\hs_haier\Runtime\Cache\Home\d4ea57e018bcaebd76bd4736ad257054.php 第 123 行.
NOTIC: [8] Undefined variable: Think E:\WorkSpace\company\hs_haier\Runtime\Cache\Home\d4ea57e018bcaebd76bd4736ad257054.php 第 124 行.
NOTIC: [8] Undefined variable: Think E:\WorkSpace\company\hs_haier\Runtime\Cache\Home\d4ea57e018bcaebd76bd4736ad257054.php 第 125 行.
NOTIC: [8] Undefined variable: Think E:\WorkSpace\company\hs_haier\Runtime\Cache\Home\d4ea57e018bcaebd76bd4736ad257054.php 第 126 行.
NOTIC: [8] Undefined variable: Think E:\WorkSpace\company\hs_haier\Runtime\Cache\Home\d4ea57e018bcaebd76bd4736ad257054.php 第 127 行.
NOTIC: [8] Undefined variable: Think E:\WorkSpace\company\hs_haier\Runtime\Cache\Home\d4ea57e018bcaebd76bd4736ad257054.php 第 128 行.
NOTIC: [8] Undefined variable: Think E:\WorkSpace\company\hs_haier\Runtime\Cache\Home\d4ea57e018bcaebd76bd4736ad257054.php 第 129 行.
NOTIC: [8] Undefined variable: Think E:\WorkSpace\company\hs_haier\Runtime\Cache\Home\d4ea57e018bcaebd76bd4736ad257054.php 第 130 行.
NOTIC: [8] Undefined variable: Think E:\WorkSpace\company\hs_haier\Runtime\Cache\Home\d4ea57e018bcaebd76bd4736ad257054.php 第 131 行.
INFO: Run Behavior\ParseTemplateBehavior [ RunTime:0.024002s ]
INFO: [ view_parse ] --END-- [ RunTime:0.024002s ]
INFO: [ view_filter ] --START--
INFO: Run Behavior\WriteHtmlCacheBehavior [ RunTime:0.001000s ]
INFO: [ view_filter ] --END-- [ RunTime:0.001000s ]
INFO: [ app_end ] --START--
INFO: Run Behavior\ShowPageTraceBehavior [ RunTime:0.001000s ]
INFO: [ app_end ] --END-- [ RunTime:0.001000s ]

[ 2019-03-20T10:03:39+08:00 ] 127.0.0.1 /
INFO: [ app_init ] --START--
INFO: Run Behavior\BuildLiteBehavior [ RunTime:0.000000s ]
INFO: [ app_init ] --END-- [ RunTime:0.000000s ]
INFO: [ app_begin ] --START--
INFO: Run Behavior\ReadHtmlCacheBehavior [ RunTime:0.001000s ]
INFO: [ app_begin ] --END-- [ RunTime:0.002000s ]
SQL: SHOW COLUMNS FROM `iot_user` [ RunTime:0.0180s ]
SQL: SELECT * FROM `iot_user` WHERE `user_id` = 39 LIMIT 1   [ RunTime:0.0000s ]
INFO: [ view_parse ] --START--
INFO: [ template_filter ] --START--
INFO: Run Behavior\ContentReplaceBehavior [ RunTime:0.000000s ]
INFO: [ template_filter ] --END-- [ RunTime:0.001000s ]
NOTIC: [8] Undefined variable: Think E:\WorkSpace\company\hs_haier\Runtime\Cache\Home\d4ea57e018bcaebd76bd4736ad257054.php 第 123 行.
NOTIC: [8] Undefined variable: Think E:\WorkSpace\company\hs_haier\Runtime\Cache\Home\d4ea57e018bcaebd76bd4736ad257054.php 第 124 行.
NOTIC: [8] Undefined variable: Think E:\WorkSpace\company\hs_haier\Runtime\Cache\Home\d4ea57e018bcaebd76bd4736ad257054.php 第 125 行.
NOTIC: [8] Undefined variable: Think E:\WorkSpace\company\hs_haier\Runtime\Cache\Home\d4ea57e018bcaebd76bd4736ad257054.php 第 126 行.
NOTIC: [8] Undefined variable: Think E:\WorkSpace\company\hs_haier\Runtime\Cache\Home\d4ea57e018bcaebd76bd4736ad257054.php 第 127 行.
NOTIC: [8] Undefined variable: Think E:\WorkSpace\company\hs_haier\Runtime\Cache\Home\d4ea57e018bcaebd76bd4736ad257054.php 第 128 行.
NOTIC: [8] Undefined variable: Think E:\WorkSpace\company\hs_haier\Runtime\Cache\Home\d4ea57e018bcaebd76bd4736ad257054.php 第 129 行.
NOTIC: [8] Undefined variable: Think E:\WorkSpace\company\hs_haier\Runtime\Cache\Home\d4ea57e018bcaebd76bd4736ad257054.php 第 130 行.
NOTIC: [8] Undefined variable: Think E:\WorkSpace\company\hs_haier\Runtime\Cache\Home\d4ea57e018bcaebd76bd4736ad257054.php 第 131 行.
INFO: Run Behavior\ParseTemplateBehavior [ RunTime:0.023001s ]
INFO: [ view_parse ] --END-- [ RunTime:0.023001s ]
INFO: [ view_filter ] --START--
INFO: Run Behavior\WriteHtmlCacheBehavior [ RunTime:0.001001s ]
INFO: [ view_filter ] --END-- [ RunTime:0.001001s ]
INFO: [ app_end ] --START--
INFO: Run Behavior\ShowPageTraceBehavior [ RunTime:0.001000s ]
INFO: [ app_end ] --END-- [ RunTime:0.001000s ]

[ 2019-03-20T10:09:49+08:00 ] 127.0.0.1 /index.php
INFO: [ app_init ] --START--
INFO: Run Behavior\BuildLiteBehavior [ RunTime:0.000000s ]
INFO: [ app_init ] --END-- [ RunTime:0.001000s ]
INFO: [ app_begin ] --START--
INFO: Run Behavior\ReadHtmlCacheBehavior [ RunTime:0.000000s ]
INFO: [ app_begin ] --END-- [ RunTime:0.001000s ]
SQL: SHOW COLUMNS FROM `iot_user` [ RunTime:0.0180s ]
SQL: SELECT * FROM `iot_user` WHERE `user_id` = 39 LIMIT 1   [ RunTime:0.0000s ]
INFO: [ view_parse ] --START--
INFO: [ template_filter ] --START--
INFO: Run Behavior\ContentReplaceBehavior [ RunTime:0.000000s ]
INFO: [ template_filter ] --END-- [ RunTime:0.000000s ]
NOTIC: [8] Undefined variable: Think E:\WorkSpace\company\hs_haier\Runtime\Cache\Home\d4ea57e018bcaebd76bd4736ad257054.php 第 123 行.
NOTIC: [8] Undefined variable: Think E:\WorkSpace\company\hs_haier\Runtime\Cache\Home\d4ea57e018bcaebd76bd4736ad257054.php 第 124 行.
NOTIC: [8] Undefined variable: Think E:\WorkSpace\company\hs_haier\Runtime\Cache\Home\d4ea57e018bcaebd76bd4736ad257054.php 第 125 行.
NOTIC: [8] Undefined variable: Think E:\WorkSpace\company\hs_haier\Runtime\Cache\Home\d4ea57e018bcaebd76bd4736ad257054.php 第 126 行.
NOTIC: [8] Undefined variable: Think E:\WorkSpace\company\hs_haier\Runtime\Cache\Home\d4ea57e018bcaebd76bd4736ad257054.php 第 127 行.
NOTIC: [8] Undefined variable: Think E:\WorkSpace\company\hs_haier\Runtime\Cache\Home\d4ea57e018bcaebd76bd4736ad257054.php 第 128 行.
NOTIC: [8] Undefined variable: Think E:\WorkSpace\company\hs_haier\Runtime\Cache\Home\d4ea57e018bcaebd76bd4736ad257054.php 第 129 行.
NOTIC: [8] Undefined variable: Think E:\WorkSpace\company\hs_haier\Runtime\Cache\Home\d4ea57e018bcaebd76bd4736ad257054.php 第 130 行.
NOTIC: [8] Undefined variable: Think E:\WorkSpace\company\hs_haier\Runtime\Cache\Home\d4ea57e018bcaebd76bd4736ad257054.php 第 131 行.
INFO: Run Behavior\ParseTemplateBehavior [ RunTime:0.023002s ]
INFO: [ view_parse ] --END-- [ RunTime:0.023002s ]
INFO: [ view_filter ] --START--
INFO: Run Behavior\WriteHtmlCacheBehavior [ RunTime:0.000000s ]
INFO: [ view_filter ] --END-- [ RunTime:0.000000s ]
INFO: [ app_end ] --START--
INFO: Run Behavior\ShowPageTraceBehavior [ RunTime:0.001000s ]
INFO: [ app_end ] --END-- [ RunTime:0.001000s ]

[ 2019-03-20T10:10:44+08:00 ] 127.0.0.1 /index.php
INFO: [ app_init ] --START--
INFO: Run Behavior\BuildLiteBehavior [ RunTime:0.000000s ]
INFO: [ app_init ] --END-- [ RunTime:0.001000s ]
INFO: [ app_begin ] --START--
INFO: Run Behavior\ReadHtmlCacheBehavior [ RunTime:0.001000s ]
INFO: [ app_begin ] --END-- [ RunTime:0.001000s ]

[ 2019-03-20T10:10:44+08:00 ] 127.0.0.1 /index.php/Home/Login/login.html
INFO: [ app_init ] --START--
INFO: Run Behavior\BuildLiteBehavior [ RunTime:0.000000s ]
INFO: [ app_init ] --END-- [ RunTime:0.001000s ]
INFO: [ app_begin ] --START--
INFO: Run Behavior\ReadHtmlCacheBehavior [ RunTime:0.001001s ]
INFO: [ app_begin ] --END-- [ RunTime:0.001001s ]
SQL: SHOW COLUMNS FROM `iot_user` [ RunTime:0.0110s ]
SQL: SELECT * FROM `iot_user` WHERE `user_id` = null LIMIT 1   [ RunTime:0.0000s ]
INFO: [ view_parse ] --START--
INFO: [ template_filter ] --START--
INFO: Run Behavior\ContentReplaceBehavior [ RunTime:0.001000s ]
INFO: [ template_filter ] --END-- [ RunTime:0.001000s ]
INFO: Run Behavior\ParseTemplateBehavior [ RunTime:0.012001s ]
INFO: [ view_parse ] --END-- [ RunTime:0.012001s ]
INFO: [ view_filter ] --START--
INFO: Run Behavior\WriteHtmlCacheBehavior [ RunTime:0.001000s ]
INFO: [ view_filter ] --END-- [ RunTime:0.001000s ]
INFO: [ app_end ] --START--
INFO: Run Behavior\ShowPageTraceBehavior [ RunTime:0.001000s ]
INFO: [ app_end ] --END-- [ RunTime:0.001000s ]

[ 2019-03-20T10:11:50+08:00 ] 127.0.0.1 /
INFO: [ app_init ] --START--
INFO: Run Behavior\BuildLiteBehavior [ RunTime:0.000000s ]
INFO: [ app_init ] --END-- [ RunTime:0.001000s ]
INFO: [ app_begin ] --START--
INFO: Run Behavior\ReadHtmlCacheBehavior [ RunTime:0.001000s ]
INFO: [ app_begin ] --END-- [ RunTime:0.001000s ]

[ 2019-03-20T10:11:50+08:00 ] 127.0.0.1 /index.php/Home/Login/login.html
INFO: [ app_init ] --START--
INFO: Run Behavior\BuildLiteBehavior [ RunTime:0.000000s ]
INFO: [ app_init ] --END-- [ RunTime:0.001000s ]
INFO: [ app_begin ] --START--
INFO: Run Behavior\ReadHtmlCacheBehavior [ RunTime:0.002000s ]
INFO: [ app_begin ] --END-- [ RunTime:0.002000s ]
SQL: SHOW COLUMNS FROM `iot_user` [ RunTime:0.0200s ]
SQL: SELECT * FROM `iot_user` WHERE `user_id` = null LIMIT 1   [ RunTime:0.0000s ]
INFO: [ view_parse ] --START--
INFO: [ template_filter ] --START--
INFO: Run Behavior\ContentReplaceBehavior [ RunTime:0.000000s ]
INFO: [ template_filter ] --END-- [ RunTime:0.000000s ]
INFO: Run Behavior\ParseTemplateBehavior [ RunTime:0.014000s ]
INFO: [ view_parse ] --END-- [ RunTime:0.015000s ]
INFO: [ view_filter ] --START--
INFO: Run Behavior\WriteHtmlCacheBehavior [ RunTime:0.001000s ]
INFO: [ view_filter ] --END-- [ RunTime:0.001000s ]
INFO: [ app_end ] --START--
INFO: Run Behavior\ShowPageTraceBehavior [ RunTime:0.001001s ]
INFO: [ app_end ] --END-- [ RunTime:0.002001s ]

[ 2019-03-20T10:17:39+08:00 ] 127.0.0.1 /
INFO: [ app_init ] --START--
INFO: Run Behavior\BuildLiteBehavior [ RunTime:0.000000s ]
INFO: [ app_init ] --END-- [ RunTime:0.001000s ]
INFO: [ app_begin ] --START--
INFO: Run Behavior\ReadHtmlCacheBehavior [ RunTime:0.000000s ]
INFO: [ app_begin ] --END-- [ RunTime:0.002000s ]

[ 2019-03-20T10:17:39+08:00 ] 127.0.0.1 /index.php/Login/login.html
INFO: [ app_init ] --START--
INFO: Run Behavior\BuildLiteBehavior [ RunTime:0.000000s ]
INFO: [ app_init ] --END-- [ RunTime:0.000000s ]
INFO: [ app_begin ] --START--
INFO: Run Behavior\ReadHtmlCacheBehavior [ RunTime:0.001000s ]
INFO: [ app_begin ] --END-- [ RunTime:0.001000s ]
SQL: SHOW COLUMNS FROM `iot_user` [ RunTime:0.0190s ]
SQL: SELECT * FROM `iot_user` WHERE `user_id` = null LIMIT 1   [ RunTime:0.0010s ]
INFO: [ view_parse ] --START--
INFO: [ template_filter ] --START--
INFO: Run Behavior\ContentReplaceBehavior [ RunTime:0.000000s ]
INFO: [ template_filter ] --END-- [ RunTime:0.000000s ]
INFO: Run Behavior\ParseTemplateBehavior [ RunTime:0.023002s ]
INFO: [ view_parse ] --END-- [ RunTime:0.023002s ]
INFO: [ view_filter ] --START--
INFO: Run Behavior\WriteHtmlCacheBehavior [ RunTime:0.001000s ]
INFO: [ view_filter ] --END-- [ RunTime:0.001000s ]
INFO: [ app_end ] --START--
INFO: Run Behavior\ShowPageTraceBehavior [ RunTime:0.001000s ]
INFO: [ app_end ] --END-- [ RunTime:0.001000s ]

[ 2019-03-20T10:17:49+08:00 ] 127.0.0.1 /index.php/Login/login.html
INFO: [ app_init ] --START--
INFO: Run Behavior\BuildLiteBehavior [ RunTime:0.000000s ]
INFO: [ app_init ] --END-- [ RunTime:0.001000s ]
INFO: [ app_begin ] --START--
INFO: Run Behavior\ReadHtmlCacheBehavior [ RunTime:0.001000s ]
INFO: [ app_begin ] --END-- [ RunTime:0.001000s ]
SQL: SHOW COLUMNS FROM `iot_user` [ RunTime:0.0160s ]
SQL: SELECT * FROM `iot_user` WHERE `user_id` = null LIMIT 1   [ RunTime:0.0000s ]
SQL: SELECT * FROM `iot_user` WHERE `uname` = 'xinglong' AND `password` = '01c94f043ccbdb7cf7aab1efb82908ad' AND `status` = 1 AND `is_delete` = 0 LIMIT 1   [ RunTime:0.0010s ]
SQL: UPDATE `iot_user` SET `unix_logtime`='1553048269' WHERE `user_id` = 39 [ RunTime:0.0050s ]

[ 2019-03-20T10:17:51+08:00 ] 127.0.0.1 /index.php/Index/index.html
INFO: [ app_init ] --START--
INFO: Run Behavior\BuildLiteBehavior [ RunTime:0.000000s ]
INFO: [ app_init ] --END-- [ RunTime:0.001000s ]
INFO: [ app_begin ] --START--
INFO: Run Behavior\ReadHtmlCacheBehavior [ RunTime:0.001000s ]
INFO: [ app_begin ] --END-- [ RunTime:0.001000s ]
SQL: SHOW COLUMNS FROM `iot_user` [ RunTime:0.0190s ]
SQL: SELECT * FROM `iot_user` WHERE `user_id` = 39 LIMIT 1   [ RunTime:0.0010s ]
INFO: [ view_parse ] --START--
INFO: [ template_filter ] --START--
INFO: Run Behavior\ContentReplaceBehavior [ RunTime:0.001000s ]
INFO: [ template_filter ] --END-- [ RunTime:0.001000s ]
NOTIC: [8] Undefined variable: Think E:\WorkSpace\company\hs_haier\Runtime\Cache\Home\d4ea57e018bcaebd76bd4736ad257054.php 第 123 行.
NOTIC: [8] Undefined variable: Think E:\WorkSpace\company\hs_haier\Runtime\Cache\Home\d4ea57e018bcaebd76bd4736ad257054.php 第 124 行.
NOTIC: [8] Undefined variable: Think E:\WorkSpace\company\hs_haier\Runtime\Cache\Home\d4ea57e018bcaebd76bd4736ad257054.php 第 125 行.
NOTIC: [8] Undefined variable: Think E:\WorkSpace\company\hs_haier\Runtime\Cache\Home\d4ea57e018bcaebd76bd4736ad257054.php 第 126 行.
NOTIC: [8] Undefined variable: Think E:\WorkSpace\company\hs_haier\Runtime\Cache\Home\d4ea57e018bcaebd76bd4736ad257054.php 第 127 行.
NOTIC: [8] Undefined variable: Think E:\WorkSpace\company\hs_haier\Runtime\Cache\Home\d4ea57e018bcaebd76bd4736ad257054.php 第 128 行.
NOTIC: [8] Undefined variable: Think E:\WorkSpace\company\hs_haier\Runtime\Cache\Home\d4ea57e018bcaebd76bd4736ad257054.php 第 129 行.
NOTIC: [8] Undefined variable: Think E:\WorkSpace\company\hs_haier\Runtime\Cache\Home\d4ea57e018bcaebd76bd4736ad257054.php 第 130 行.
NOTIC: [8] Undefined variable: Think E:\WorkSpace\company\hs_haier\Runtime\Cache\Home\d4ea57e018bcaebd76bd4736ad257054.php 第 131 行.
INFO: Run Behavior\ParseTemplateBehavior [ RunTime:0.029002s ]
INFO: [ view_parse ] --END-- [ RunTime:0.029002s ]
INFO: [ view_filter ] --START--
INFO: Run Behavior\WriteHtmlCacheBehavior [ RunTime:0.001000s ]
INFO: [ view_filter ] --END-- [ RunTime:0.001000s ]
INFO: [ app_end ] --START--
INFO: Run Behavior\ShowPageTraceBehavior [ RunTime:0.001000s ]
INFO: [ app_end ] --END-- [ RunTime:0.002000s ]

