[ 2017-02-28T08:42:56+08:00 ] 127.0.0.1 /admin.php/Admin/adminAdd.html
INFO: [ app_begin ] --START--
INFO: Run Behavior\ReadHtmlCacheBehavior [ RunTime:0.001000s ]
INFO: [ app_begin ] --END-- [ RunTime:0.002000s ]
SQL: SHOW COLUMNS FROM `iot_admin` [ RunTime:0.0130s ]
SQL: INSERT INTO `iot_admin` (`admin_login_name`,`admin_password`,`admin_phone`,`admin_email`,`admin_sex`) VALUES ('1111','11','111111111','111@qq.com','on') [ RunTime:0.0442s ]
INFO: [ app_end ] --START--
INFO: Run Behavior\ShowPageTraceBehavior [ RunTime:0.000000s ]
INFO: [ app_end ] --END-- [ RunTime:0.000000s ]

[ 2017-02-28T08:43:37+08:00 ] 127.0.0.1 /admin.php/Admin/adminAdd.html
INFO: [ app_begin ] --START--
INFO: Run Behavior\ReadHtmlCacheBehavior [ RunTime:0.000000s ]
INFO: [ app_begin ] --END-- [ RunTime:0.001000s ]
SQL: SHOW COLUMNS FROM `iot_admin` [ RunTime:0.0050s ]
SQL: INSERT INTO `iot_admin` (`admin_login_name`,`admin_password`,`admin_phone`,`admin_email`,`admin_sex`) VALUES ('1111','11','1111111111','11@qq.com','on') [ RunTime:0.1020s ]
INFO: [ app_end ] --START--
INFO: Run Behavior\ShowPageTraceBehavior [ RunTime:0.003000s ]
INFO: [ app_end ] --END-- [ RunTime:0.003000s ]

[ 2017-02-28T08:46:10+08:00 ] 127.0.0.1 /admin.php/Admin/adminAdd.html
INFO: [ app_begin ] --START--
INFO: Run Behavior\ReadHtmlCacheBehavior [ RunTime:0.001000s ]
INFO: [ app_begin ] --END-- [ RunTime:0.001000s ]
SQL: SHOW COLUMNS FROM `iot_admin` [ RunTime:0.0060s ]
SQL: INSERT INTO `iot_admin` (`admin_login_name`,`admin_password`,`admin_phone`,`admin_email`,`admin_sex`) VALUES ('11111','11','11111111111','1111@qq.com','on') [ RunTime:0.4370s ]

[ 2017-02-28T08:59:11+08:00 ] 127.0.0.1 /admin.php/Admin/adminAdd.html
INFO: [ app_begin ] --START--
INFO: Run Behavior\ReadHtmlCacheBehavior [ RunTime:0.000000s ]
INFO: [ app_begin ] --END-- [ RunTime:0.001000s ]
SQL: SHOW COLUMNS FROM `iot_admin` [ RunTime:0.0040s ]
SQL: INSERT INTO `iot_admin` (`admin_login_name`,`admin_password`,`admin_phone`,`admin_email`,`admin_sex`) VALUES ('11111','111','11111111111','1111@qq.com','on') [ RunTime:0.1380s ]

[ 2017-02-28T09:10:31+08:00 ] 127.0.0.1 /admin.php/Admin/adminAdd.html
INFO: [ app_begin ] --START--
INFO: Run Behavior\ReadHtmlCacheBehavior [ RunTime:0.001000s ]
INFO: [ app_begin ] --END-- [ RunTime:0.002000s ]
SQL: SHOW COLUMNS FROM `iot_admin` [ RunTime:0.0040s ]
SQL: INSERT INTO `iot_admin` (`admin_login_name`,`admin_password`,`admin_phone`,`admin_email`,`admin_sex`) VALUES ('1111','1111','11111111111','1111@qq.com','on') [ RunTime:0.1670s ]

[ 2017-02-28T11:18:02+08:00 ] 127.0.0.1 /admin.php/Index/admin-permission.html
ERR: 非法操作:admin-permission

[ 2017-02-28T13:39:16+08:00 ] 127.0.0.1 /admin.php/Admin/adminAdd.html
INFO: [ app_begin ] --START--
INFO: Run Behavior\ReadHtmlCacheBehavior [ RunTime:0.001000s ]
INFO: [ app_begin ] --END-- [ RunTime:0.002000s ]
INFO: [ app_end ] --START--
INFO: Run Behavior\ShowPageTraceBehavior [ RunTime:0.001000s ]
INFO: [ app_end ] --END-- [ RunTime:0.001000s ]

[ 2017-02-28T13:40:03+08:00 ] 127.0.0.1 /admin.php/Admin/adminAdd.html
INFO: [ app_begin ] --START--
INFO: Run Behavior\ReadHtmlCacheBehavior [ RunTime:0.001000s ]
INFO: [ app_begin ] --END-- [ RunTime:0.002000s ]
INFO: [ app_end ] --START--
INFO: Run Behavior\ShowPageTraceBehavior [ RunTime:0.001000s ]
INFO: [ app_end ] --END-- [ RunTime:0.001000s ]

[ 2017-02-28T13:41:47+08:00 ] 127.0.0.1 /admin.php/Admin/adminAdd.html
INFO: [ app_begin ] --START--
INFO: Run Behavior\ReadHtmlCacheBehavior [ RunTime:0.001000s ]
INFO: [ app_begin ] --END-- [ RunTime:0.001000s ]
INFO: [ app_end ] --START--
INFO: Run Behavior\ShowPageTraceBehavior [ RunTime:0.001000s ]
INFO: [ app_end ] --END-- [ RunTime:0.001000s ]

[ 2017-02-28T13:42:18+08:00 ] 127.0.0.1 /admin.php/Admin/adminAdd.html
INFO: [ app_begin ] --START--
INFO: Run Behavior\ReadHtmlCacheBehavior [ RunTime:0.000000s ]
INFO: [ app_begin ] --END-- [ RunTime:0.001000s ]
INFO: [ app_end ] --START--
INFO: Run Behavior\ShowPageTraceBehavior [ RunTime:0.000000s ]
INFO: [ app_end ] --END-- [ RunTime:0.000000s ]

[ 2017-02-28T13:42:58+08:00 ] 127.0.0.1 /admin.php/Admin/adminAdd.html
INFO: [ app_begin ] --START--
INFO: Run Behavior\ReadHtmlCacheBehavior [ RunTime:0.001000s ]
INFO: [ app_begin ] --END-- [ RunTime:0.002000s ]
INFO: [ app_end ] --START--
INFO: Run Behavior\ShowPageTraceBehavior [ RunTime:0.000000s ]
INFO: [ app_end ] --END-- [ RunTime:0.000000s ]

[ 2017-02-28T13:43:47+08:00 ] 127.0.0.1 /admin.php/Admin/adminAdd.html
INFO: [ app_begin ] --START--
INFO: Run Behavior\ReadHtmlCacheBehavior [ RunTime:0.001000s ]
INFO: [ app_begin ] --END-- [ RunTime:0.001000s ]
INFO: [ app_end ] --START--
INFO: Run Behavior\ShowPageTraceBehavior [ RunTime:0.001001s ]
INFO: [ app_end ] --END-- [ RunTime:0.001001s ]

[ 2017-02-28T13:44:08+08:00 ] 127.0.0.1 /admin.php/Admin/adminAdd.html
INFO: [ app_begin ] --START--
INFO: Run Behavior\ReadHtmlCacheBehavior [ RunTime:0.001000s ]
INFO: [ app_begin ] --END-- [ RunTime:0.001000s ]
INFO: [ app_end ] --START--
INFO: Run Behavior\ShowPageTraceBehavior [ RunTime:0.001000s ]
INFO: [ app_end ] --END-- [ RunTime:0.001000s ]

[ 2017-02-28T13:44:53+08:00 ] 127.0.0.1 /admin.php/Index/admin-permission.html
ERR: 非法操作:admin-permission

[ 2017-02-28T13:45:09+08:00 ] 127.0.0.1 /admin.php/Admin/adminAdd.html
INFO: [ app_begin ] --START--
INFO: Run Behavior\ReadHtmlCacheBehavior [ RunTime:0.001000s ]
INFO: [ app_begin ] --END-- [ RunTime:0.001000s ]
INFO: [ app_end ] --START--
INFO: Run Behavior\ShowPageTraceBehavior [ RunTime:0.001000s ]
INFO: [ app_end ] --END-- [ RunTime:0.001000s ]

[ 2017-02-28T13:45:13+08:00 ] 127.0.0.1 /admin.php/Index/admin-permission.html
ERR: 非法操作:admin-permission

[ 2017-02-28T13:45:38+08:00 ] 127.0.0.1 /admin.php/Admin/adminAdd.html
INFO: [ app_begin ] --START--
INFO: Run Behavior\ReadHtmlCacheBehavior [ RunTime:0.001000s ]
INFO: [ app_begin ] --END-- [ RunTime:0.001000s ]
INFO: [ app_end ] --START--
INFO: Run Behavior\ShowPageTraceBehavior [ RunTime:0.001000s ]
INFO: [ app_end ] --END-- [ RunTime:0.001000s ]

[ 2017-02-28T13:45:56+08:00 ] 127.0.0.1 /admin.php/Admin/adminAdd.html
INFO: [ app_begin ] --START--
INFO: Run Behavior\ReadHtmlCacheBehavior [ RunTime:0.001000s ]
INFO: [ app_begin ] --END-- [ RunTime:0.001000s ]
INFO: [ app_end ] --START--
INFO: Run Behavior\ShowPageTraceBehavior [ RunTime:0.001000s ]
INFO: [ app_end ] --END-- [ RunTime:0.001000s ]

[ 2017-02-28T13:50:42+08:00 ] 127.0.0.1 /admin.php/Admin/adminAdd.html
INFO: [ app_begin ] --START--
INFO: Run Behavior\ReadHtmlCacheBehavior [ RunTime:0.001000s ]
INFO: [ app_begin ] --END-- [ RunTime:0.002000s ]
INFO: [ app_end ] --START--
INFO: Run Behavior\ShowPageTraceBehavior [ RunTime:0.001000s ]
INFO: [ app_end ] --END-- [ RunTime:0.001000s ]

[ 2017-02-28T13:53:13+08:00 ] 127.0.0.1 /admin.php/Admin/adminAdd.html
INFO: [ app_begin ] --START--
INFO: Run Behavior\ReadHtmlCacheBehavior [ RunTime:0.001000s ]
INFO: [ app_begin ] --END-- [ RunTime:0.001000s ]
INFO: [ app_end ] --START--
INFO: Run Behavior\ShowPageTraceBehavior [ RunTime:0.001000s ]
INFO: [ app_end ] --END-- [ RunTime:0.001000s ]

[ 2017-02-28T13:53:32+08:00 ] 127.0.0.1 /admin.php/Admin/adminAdd.html
INFO: [ app_begin ] --START--
INFO: Run Behavior\ReadHtmlCacheBehavior [ RunTime:0.001000s ]
INFO: [ app_begin ] --END-- [ RunTime:0.001000s ]
INFO: [ app_end ] --START--
INFO: Run Behavior\ShowPageTraceBehavior [ RunTime:0.001000s ]
INFO: [ app_end ] --END-- [ RunTime:0.001000s ]

[ 2017-02-28T13:53:49+08:00 ] 127.0.0.1 /admin.php/Admin/adminAdd.html
INFO: [ app_begin ] --START--
INFO: Run Behavior\ReadHtmlCacheBehavior [ RunTime:0.001000s ]
INFO: [ app_begin ] --END-- [ RunTime:0.001000s ]
INFO: [ app_end ] --START--
INFO: Run Behavior\ShowPageTraceBehavior [ RunTime:0.001000s ]
INFO: [ app_end ] --END-- [ RunTime:0.001000s ]

[ 2017-02-28T13:54:13+08:00 ] 127.0.0.1 /admin.php/Admin/adminAdd.html
INFO: [ app_begin ] --START--
INFO: Run Behavior\ReadHtmlCacheBehavior [ RunTime:0.001000s ]
INFO: [ app_begin ] --END-- [ RunTime:0.001000s ]
INFO: [ app_end ] --START--
INFO: Run Behavior\ShowPageTraceBehavior [ RunTime:0.001000s ]
INFO: [ app_end ] --END-- [ RunTime:0.001000s ]

[ 2017-02-28T13:54:52+08:00 ] 127.0.0.1 /admin.php/Admin/adminAdd.html
INFO: [ app_begin ] --START--
INFO: Run Behavior\ReadHtmlCacheBehavior [ RunTime:0.001000s ]
INFO: [ app_begin ] --END-- [ RunTime:0.002000s ]
INFO: [ app_end ] --START--
INFO: Run Behavior\ShowPageTraceBehavior [ RunTime:0.001000s ]
INFO: [ app_end ] --END-- [ RunTime:0.002000s ]

[ 2017-02-28T13:55:23+08:00 ] 127.0.0.1 /admin.php/Admin/adminAdd.html
INFO: [ app_begin ] --START--
INFO: Run Behavior\ReadHtmlCacheBehavior [ RunTime:0.001000s ]
INFO: [ app_begin ] --END-- [ RunTime:0.001000s ]
SQL: SHOW COLUMNS FROM `iot_admin` [ RunTime:0.0040s ]
SQL: INSERT INTO `iot_admin` (`admin_login_name`,`admin_password`,`admin_phone`,`admin_email`,`admin_sex`) VALUES ('1','11','1','1','on') [ RunTime:0.0970s ]

[ 2017-02-28T13:55:49+08:00 ] 127.0.0.1 /admin.php/Admin/adminAdd.html
INFO: [ app_begin ] --START--
INFO: Run Behavior\ReadHtmlCacheBehavior [ RunTime:0.001000s ]
INFO: [ app_begin ] --END-- [ RunTime:0.001000s ]
SQL: SHOW COLUMNS FROM `iot_admin` [ RunTime:0.0040s ]
SQL: INSERT INTO `iot_admin` (`admin_login_name`,`admin_password`,`admin_phone`,`admin_email`,`admin_sex`) VALUES ('1','11','1','1','on') [ RunTime:0.0920s ]

[ 2017-02-28T13:56:12+08:00 ] 127.0.0.1 /admin.php/Admin/adminAdd.html
INFO: [ app_begin ] --START--
INFO: Run Behavior\ReadHtmlCacheBehavior [ RunTime:0.001000s ]
INFO: [ app_begin ] --END-- [ RunTime:0.002000s ]
SQL: SHOW COLUMNS FROM `iot_admin` [ RunTime:0.0060s ]
SQL: INSERT INTO `iot_admin` (`admin_login_name`,`admin_password`,`admin_phone`,`admin_email`,`admin_sex`) VALUES ('1','11','1','','on') [ RunTime:0.0430s ]

[ 2017-02-28T13:57:23+08:00 ] 127.0.0.1 /admin.php/Admin/adminAdd.html
INFO: [ app_begin ] --START--
INFO: Run Behavior\ReadHtmlCacheBehavior [ RunTime:0.000000s ]
INFO: [ app_begin ] --END-- [ RunTime:0.002000s ]
SQL: SHOW COLUMNS FROM `iot_admin` [ RunTime:0.0040s ]
SQL: INSERT INTO `iot_admin` (`admin_login_name`,`admin_password`,`admin_phone`,`admin_email`,`admin_sex`) VALUES ('1','111','1','1','on') [ RunTime:0.0740s ]

[ 2017-02-28T13:58:07+08:00 ] 127.0.0.1 /admin.php/Admin/adminAdd.html
INFO: [ app_begin ] --START--
INFO: Run Behavior\ReadHtmlCacheBehavior [ RunTime:0.001000s ]
INFO: [ app_begin ] --END-- [ RunTime:0.001000s ]
SQL: SHOW COLUMNS FROM `iot_admin` [ RunTime:0.0040s ]
SQL: INSERT INTO `iot_admin` (`admin_login_name`,`admin_password`,`admin_phone`,`admin_email`,`admin_sex`) VALUES ('1','111','1','1','on') [ RunTime:0.0560s ]

[ 2017-02-28T13:58:35+08:00 ] 127.0.0.1 /admin.php/Admin/adminAdd.html
INFO: [ app_begin ] --START--
INFO: Run Behavior\ReadHtmlCacheBehavior [ RunTime:0.001000s ]
INFO: [ app_begin ] --END-- [ RunTime:0.001000s ]
SQL: SHOW COLUMNS FROM `iot_admin` [ RunTime:0.0040s ]
SQL: INSERT INTO `iot_admin` (`admin_login_name`,`admin_password`,`admin_phone`,`admin_email`,`admin_sex`) VALUES ('1','111','1','1','on') [ RunTime:0.0860s ]

[ 2017-02-28T13:59:45+08:00 ] 127.0.0.1 /admin.php/Admin/adminAdd.html
INFO: [ app_begin ] --START--
INFO: Run Behavior\ReadHtmlCacheBehavior [ RunTime:0.000000s ]
INFO: [ app_begin ] --END-- [ RunTime:0.001001s ]
SQL: SHOW COLUMNS FROM `iot_admin` [ RunTime:0.0040s ]
SQL: INSERT INTO `iot_admin` (`admin_login_name`,`admin_password`,`admin_phone`,`admin_email`,`admin_sex`) VALUES ('1','111','1','1','on') [ RunTime:0.0660s ]

[ 2017-02-28T14:03:03+08:00 ] 127.0.0.1 /admin.php/Admin/adminAdd.html
INFO: [ app_begin ] --START--
INFO: Run Behavior\ReadHtmlCacheBehavior [ RunTime:0.001001s ]
INFO: [ app_begin ] --END-- [ RunTime:0.002001s ]
SQL: SHOW COLUMNS FROM `iot_admin` [ RunTime:0.0040s ]
SQL: INSERT INTO `iot_admin` (`admin_login_name`,`admin_password`,`admin_phone`,`admin_email`,`admin_sex`) VALUES ('','1','1','1','on') [ RunTime:0.0470s ]

[ 2017-02-28T14:04:55+08:00 ] 127.0.0.1 /admin.php/Admin/adminAdd.html
INFO: [ app_begin ] --START--
INFO: Run Behavior\ReadHtmlCacheBehavior [ RunTime:0.001000s ]
INFO: [ app_begin ] --END-- [ RunTime:0.001000s ]
SQL: SHOW COLUMNS FROM `iot_admin` [ RunTime:0.0040s ]
SQL: INSERT INTO `iot_admin` (`admin_login_name`,`admin_password`,`admin_phone`,`admin_email`,`admin_sex`) VALUES ('1','111','1','1','on') [ RunTime:0.0980s ]

[ 2017-02-28T14:05:15+08:00 ] 127.0.0.1 /admin.php/Admin/adminAdd.html
INFO: [ app_begin ] --START--
INFO: Run Behavior\ReadHtmlCacheBehavior [ RunTime:0.001000s ]
INFO: [ app_begin ] --END-- [ RunTime:0.002000s ]
SQL: SHOW COLUMNS FROM `iot_admin` [ RunTime:0.0050s ]
SQL: INSERT INTO `iot_admin` (`admin_login_name`,`admin_password`,`admin_phone`,`admin_email`,`admin_sex`) VALUES ('1','111','1','1','on') [ RunTime:0.0980s ]

[ 2017-02-28T14:06:45+08:00 ] 127.0.0.1 /admin.php/Admin/adminAdd.html
INFO: [ app_begin ] --START--
INFO: Run Behavior\ReadHtmlCacheBehavior [ RunTime:0.001000s ]
INFO: [ app_begin ] --END-- [ RunTime:0.002000s ]
SQL: SHOW COLUMNS FROM `iot_admin` [ RunTime:0.0040s ]
SQL: INSERT INTO `iot_admin` (`admin_login_name`,`admin_password`,`admin_phone`,`admin_email`,`admin_sex`) VALUES ('1','11','','1','on') [ RunTime:0.0990s ]

[ 2017-02-28T14:07:18+08:00 ] 127.0.0.1 /admin.php/Admin/adminAdd.html
INFO: [ app_begin ] --START--
INFO: Run Behavior\ReadHtmlCacheBehavior [ RunTime:0.001000s ]
INFO: [ app_begin ] --END-- [ RunTime:0.001000s ]
SQL: SHOW COLUMNS FROM `iot_admin` [ RunTime:0.0040s ]
SQL: INSERT INTO `iot_admin` (`admin_login_name`,`admin_password`,`admin_phone`,`admin_email`,`admin_sex`) VALUES ('1','11','','1','on') [ RunTime:0.0850s ]

[ 2017-02-28T14:08:51+08:00 ] 127.0.0.1 /admin.php/Admin/adminAdd.html
INFO: [ app_begin ] --START--
INFO: Run Behavior\ReadHtmlCacheBehavior [ RunTime:0.000000s ]
INFO: [ app_begin ] --END-- [ RunTime:0.001000s ]
SQL: SHOW COLUMNS FROM `iot_admin` [ RunTime:0.0040s ]
SQL: INSERT INTO `iot_admin` (`admin_login_name`,`admin_password`,`admin_phone`,`admin_email`,`admin_sex`) VALUES ('1','11','1','1','on') [ RunTime:0.2080s ]

[ 2017-02-28T14:14:22+08:00 ] 127.0.0.1 /admin.php/Admin/adminAdd.html
INFO: [ app_begin ] --START--
INFO: Run Behavior\ReadHtmlCacheBehavior [ RunTime:0.001000s ]
INFO: [ app_begin ] --END-- [ RunTime:0.001000s ]
SQL: SHOW COLUMNS FROM `iot_admin` [ RunTime:0.4190s ]
SQL: INSERT INTO `iot_admin` (`admin_login_name`,`admin_password`,`admin_phone`,`admin_email`,`admin_sex`) VALUES ('1','1111','1','1','on') [ RunTime:0.9181s ]

[ 2017-02-28T14:14:56+08:00 ] 127.0.0.1 /admin.php/Admin/adminAdd.html
INFO: [ app_begin ] --START--
INFO: Run Behavior\ReadHtmlCacheBehavior [ RunTime:0.001000s ]
INFO: [ app_begin ] --END-- [ RunTime:0.001000s ]
SQL: SHOW COLUMNS FROM `iot_admin` [ RunTime:0.0080s ]
SQL: INSERT INTO `iot_admin` (`admin_login_name`,`admin_password`,`admin_phone`,`admin_email`,`admin_sex`) VALUES ('1','1111','1','1','on') [ RunTime:0.0550s ]

[ 2017-02-28T14:15:23+08:00 ] 127.0.0.1 /admin.php/Admin/adminAdd.html
INFO: [ app_begin ] --START--
INFO: Run Behavior\ReadHtmlCacheBehavior [ RunTime:0.001001s ]
INFO: [ app_begin ] --END-- [ RunTime:0.001001s ]
SQL: SHOW COLUMNS FROM `iot_admin` [ RunTime:0.0090s ]
SQL: INSERT INTO `iot_admin` (`admin_login_name`,`admin_password`,`admin_phone`,`admin_email`,`admin_sex`) VALUES ('1','1111','1','1','on') [ RunTime:0.1850s ]

[ 2017-02-28T14:18:01+08:00 ] 127.0.0.1 /admin.php/Admin/adminAdd.html
INFO: [ app_begin ] --START--
INFO: Run Behavior\ReadHtmlCacheBehavior [ RunTime:0.000000s ]
INFO: [ app_begin ] --END-- [ RunTime:0.001000s ]
SQL: SHOW COLUMNS FROM `iot_admin` [ RunTime:0.0040s ]
SQL: INSERT INTO `iot_admin` (`admin_login_name`,`admin_password`,`admin_phone`,`admin_email`,`admin_sex`) VALUES ('1','1111','1','1','on') [ RunTime:0.0470s ]

[ 2017-02-28T14:18:24+08:00 ] 127.0.0.1 /admin.php/Admin/adminAdd.html
INFO: [ app_begin ] --START--
INFO: Run Behavior\ReadHtmlCacheBehavior [ RunTime:0.000000s ]
INFO: [ app_begin ] --END-- [ RunTime:0.001000s ]
SQL: SHOW COLUMNS FROM `iot_admin` [ RunTime:0.0290s ]
SQL: INSERT INTO `iot_admin` (`admin_login_name`,`admin_password`,`admin_phone`,`admin_email`,`admin_sex`) VALUES ('1','1111','1','','on') [ RunTime:0.0510s ]

[ 2017-02-28T14:19:24+08:00 ] 127.0.0.1 /admin.php/Index/admin-permission.html
ERR: 非法操作:admin-permission

[ 2017-02-28T14:20:27+08:00 ] 127.0.0.1 /admin.php/Admin/adminAdd.html
INFO: [ app_begin ] --START--
INFO: Run Behavior\ReadHtmlCacheBehavior [ RunTime:0.001000s ]
INFO: [ app_begin ] --END-- [ RunTime:0.002000s ]
SQL: SHOW COLUMNS FROM `iot_admin` [ RunTime:0.0050s ]
SQL: INSERT INTO `iot_admin` (`admin_login_name`,`admin_password`,`admin_phone`,`admin_email`,`admin_sex`) VALUES ('1','1111','1','1','on') [ RunTime:0.4470s ]

[ 2017-02-28T14:36:23+08:00 ] 127.0.0.1 /admin.php/Admin/adminAdd.html
INFO: [ app_begin ] --START--
INFO: Run Behavior\ReadHtmlCacheBehavior [ RunTime:0.000000s ]
INFO: [ app_begin ] --END-- [ RunTime:0.001000s ]
SQL: SHOW COLUMNS FROM `iot_admin` [ RunTime:0.0050s ]
SQL: INSERT INTO `iot_admin` (`admin_login_name`,`admin_password`,`admin_phone`,`admin_email`,`admin_sex`) VALUES ('1','11','1','1','on') [ RunTime:0.0920s ]

[ 2017-02-28T14:36:49+08:00 ] 127.0.0.1 /admin.php/Admin/adminAdd.html
INFO: [ app_begin ] --START--
INFO: Run Behavior\ReadHtmlCacheBehavior [ RunTime:0.001000s ]
INFO: [ app_begin ] --END-- [ RunTime:0.001000s ]
SQL: SHOW COLUMNS FROM `iot_admin` [ RunTime:0.0050s ]
SQL: INSERT INTO `iot_admin` (`admin_login_name`,`admin_password`,`admin_phone`,`admin_email`,`admin_sex`) VALUES ('1','11','1','1','on') [ RunTime:0.1160s ]

[ 2017-02-28T14:37:56+08:00 ] 127.0.0.1 /admin.php/Admin/adminAdd.html
INFO: [ app_begin ] --START--
INFO: Run Behavior\ReadHtmlCacheBehavior [ RunTime:0.000000s ]
INFO: [ app_begin ] --END-- [ RunTime:0.001000s ]
SQL: SHOW COLUMNS FROM `iot_admin` [ RunTime:0.0050s ]
SQL: INSERT INTO `iot_admin` (`admin_login_name`,`admin_password`,`admin_phone`,`admin_email`,`admin_sex`) VALUES ('1','11','1','1','on') [ RunTime:0.5350s ]

[ 2017-02-28T14:38:20+08:00 ] 127.0.0.1 /admin.php/Admin/adminAdd.html
INFO: [ app_begin ] --START--
INFO: Run Behavior\ReadHtmlCacheBehavior [ RunTime:0.001000s ]
INFO: [ app_begin ] --END-- [ RunTime:0.002000s ]
SQL: SHOW COLUMNS FROM `iot_admin` [ RunTime:0.0040s ]
SQL: INSERT INTO `iot_admin` (`admin_login_name`,`admin_password`,`admin_phone`,`admin_email`,`admin_sex`) VALUES ('1','11','1','1','on') [ RunTime:0.0670s ]

[ 2017-02-28T14:38:56+08:00 ] 127.0.0.1 /admin.php/Admin/adminAdd.html
INFO: [ app_begin ] --START--
INFO: Run Behavior\ReadHtmlCacheBehavior [ RunTime:0.001000s ]
INFO: [ app_begin ] --END-- [ RunTime:0.005000s ]
SQL: SHOW COLUMNS FROM `iot_admin` [ RunTime:0.0060s ]
SQL: INSERT INTO `iot_admin` (`admin_login_name`,`admin_password`,`admin_phone`,`admin_email`,`admin_sex`) VALUES ('1','11','1','1','on') [ RunTime:0.0830s ]

[ 2017-02-28T14:49:28+08:00 ] 127.0.0.1 /admin.php/Admin/adminAdd.html
INFO: [ app_begin ] --START--
INFO: Run Behavior\ReadHtmlCacheBehavior [ RunTime:0.001000s ]
INFO: [ app_begin ] --END-- [ RunTime:0.001000s ]
SQL: SHOW COLUMNS FROM `iot_admin` [ RunTime:0.0040s ]
SQL: INSERT INTO `iot_admin` (`admin_login_name`,`admin_password`,`admin_phone`,`admin_email`,`admin_sex`) VALUES ('111','111','1','1','on') [ RunTime:0.1010s ]

[ 2017-02-28T14:49:50+08:00 ] 127.0.0.1 /admin.php/Admin/adminAdd.html
INFO: [ app_begin ] --START--
INFO: Run Behavior\ReadHtmlCacheBehavior [ RunTime:0.001000s ]
INFO: [ app_begin ] --END-- [ RunTime:0.001000s ]
SQL: SHOW COLUMNS FROM `iot_admin` [ RunTime:0.0040s ]
SQL: INSERT INTO `iot_admin` (`admin_login_name`,`admin_password`,`admin_phone`,`admin_email`,`admin_sex`) VALUES ('1','11','1','1','on') [ RunTime:0.5280s ]

[ 2017-02-28T14:50:11+08:00 ] 127.0.0.1 /admin.php/Admin/adminAdd.html
INFO: [ app_begin ] --START--
INFO: Run Behavior\ReadHtmlCacheBehavior [ RunTime:0.001000s ]
INFO: [ app_begin ] --END-- [ RunTime:0.001000s ]
SQL: SHOW COLUMNS FROM `iot_admin` [ RunTime:0.0050s ]
SQL: INSERT INTO `iot_admin` (`admin_login_name`,`admin_password`,`admin_phone`,`admin_email`,`admin_sex`) VALUES ('11','1','1','1','on') [ RunTime:0.2180s ]

[ 2017-02-28T15:37:58+08:00 ] 127.0.0.1 /admin.php/Public/login.html
ERR: 无法加载控制器:Public

[ 2017-02-28T15:38:11+08:00 ] 127.0.0.1 /admin.php/Public/login.html
ERR: 无法加载控制器:Public

[ 2017-02-28T15:38:37+08:00 ] 127.0.0.1 /admin.php/Public/login.html
ERR: 无法加载控制器:Public

[ 2017-02-28T15:39:55+08:00 ] 127.0.0.1 /admin.php/Public/login.html
ERR: 无法加载控制器:Public

[ 2017-02-28T15:42:27+08:00 ] 127.0.0.1 /admin.php/Admin/adminList.html
ERR: Think\Controller:getActionName方法不存在！

[ 2017-02-28T15:54:48+08:00 ] 127.0.0.1 /admin.php/Public/login.html
ERR: 无法加载控制器:Public

[ 2017-02-28T15:54:50+08:00 ] 127.0.0.1 /admin.php/Public/login.html
ERR: 无法加载控制器:Public

[ 2017-02-28T15:54:53+08:00 ] 127.0.0.1 /admin.php/Public/login.html
ERR: 无法加载控制器:Public

[ 2017-02-28T15:56:34+08:00 ] 127.0.0.1 /admin.php/Public/login.html
ERR: 无法加载控制器:Public

[ 2017-02-28T15:57:08+08:00 ] 127.0.0.1 /admin.php/Public/login
ERR: 无法加载控制器:Public

[ 2017-02-28T16:09:06+08:00 ] 127.0.0.1 /admin.php/Index/list
ERR: 非法操作:list

[ 2017-02-28T16:09:09+08:00 ] 127.0.0.1 /admin.php/Index/adminList
ERR: 非法操作:adminList

[ 2017-02-28T16:13:51+08:00 ] 127.0.0.1 /admin.php/Admin/adminAdd.html
INFO: [ app_begin ] --START--
INFO: Run Behavior\ReadHtmlCacheBehavior [ RunTime:0.001000s ]
INFO: [ app_begin ] --END-- [ RunTime:0.001000s ]
SQL: SHOW COLUMNS FROM `iot_admin` [ RunTime:0.0040s ]
SQL: INSERT INTO `iot_admin` (`admin_login_name`,`admin_password`,`admin_phone`,`admin_email`,`admin_sex`) VALUES ('1','1','','11','on') [ RunTime:0.0850s ]

[ 2017-02-28T16:15:00+08:00 ] 127.0.0.1 /admin.php/Admin/admin-add.html
ERR: 非法操作:admin-add

[ 2017-02-28T16:15:19+08:00 ] 127.0.0.1 /admin.php/Index/admin-permission.html
ERR: 非法操作:admin-permission

[ 2017-02-28T16:15:19+08:00 ] 127.0.0.1 /admin.php/Index/admin-role.html
ERR: 非法操作:admin-role

[ 2017-02-28T16:17:11+08:00 ] 127.0.0.1 /admin.php/Admin/adminAdd.html
INFO: [ app_begin ] --START--
INFO: Run Behavior\ReadHtmlCacheBehavior [ RunTime:0.001000s ]
INFO: [ app_begin ] --END-- [ RunTime:0.001000s ]
SQL: SHOW COLUMNS FROM `iot_admin` [ RunTime:0.0070s ]
SQL: INSERT INTO `iot_admin` (`admin_login_name`,`admin_password`,`admin_phone`,`admin_email`,`admin_sex`) VALUES ('123456','123456','123456789131','1231@qq.com','on') [ RunTime:0.0590s ]

[ 2017-02-28T16:19:19+08:00 ] 127.0.0.1 /admin.php/Index/admin-permission.html
ERR: 非法操作:admin-permission

[ 2017-02-28T16:19:31+08:00 ] 127.0.0.1 /admin.php/Admin/adminAdd.html
INFO: [ app_begin ] --START--
INFO: Run Behavior\ReadHtmlCacheBehavior [ RunTime:0.001000s ]
INFO: [ app_begin ] --END-- [ RunTime:0.001000s ]
SQL: SHOW COLUMNS FROM `iot_admin` [ RunTime:0.0050s ]
NOTIC: [2] Illegal string offset 'admin_id' E:\NetBeans\news\Application\Admin\Controller\AdminController.class.php 第 45 行.
SQL: INSERT INTO `iot_admin` (`admin_login_name`,`admin_password`,`admin_phone`,`admin_email`,`admin_sex`,`admin_create_time`,`admin_create_id`) VALUES ('zhang','123','12','1','on','1488269971','0') [ RunTime:0.0480s ]

[ 2017-02-28T16:27:03+08:00 ] 127.0.0.1 /admin.php/Admin/adminAdd.html
INFO: [ app_begin ] --START--
INFO: Run Behavior\ReadHtmlCacheBehavior [ RunTime:0.001000s ]
INFO: [ app_begin ] --END-- [ RunTime:0.001000s ]
SQL: SHOW COLUMNS FROM `iot_admin` [ RunTime:0.0050s ]
SQL: INSERT INTO `iot_admin` (`admin_login_name`,`admin_password`,`admin_phone`,`admin_email`,`admin_sex`,`admin_create_time`,`admin_create_id`) VALUES ('11','111','11111','11','on','1488270423','1') [ RunTime:0.0970s ]

[ 2017-02-28T16:28:04+08:00 ] 127.0.0.1 /admin.php/Admin/adminAdd.html
INFO: [ app_begin ] --START--
INFO: Run Behavior\ReadHtmlCacheBehavior [ RunTime:0.001000s ]
INFO: [ app_begin ] --END-- [ RunTime:0.001000s ]
SQL: SHOW COLUMNS FROM `iot_admin` [ RunTime:0.0040s ]
SQL: INSERT INTO `iot_admin` (`admin_login_name`,`admin_password`,`admin_phone`,`admin_email`,`admin_sex`,`admin_create_time`,`admin_create_id`) VALUES ('1','c4ca4238a0b923820dcc509a6f75849b','1','1','on','1488270484','1') [ RunTime:0.0940s ]

[ 2017-02-28T16:31:47+08:00 ] 127.0.0.1 /admin.php/Index/article-list.html
ERR: 非法操作:article-list

[ 2017-02-28T16:36:20+08:00 ] 127.0.0.1 /admin.php/Index/article-list.html
ERR: 非法操作:article-list

[ 2017-02-28T16:37:26+08:00 ] 127.0.0.1 /admin.php/Article/articleLst.html
ERR: 非法操作:articleLst

[ 2017-02-28T16:41:39+08:00 ] 127.0.0.1 /admin/php/Article/articleList
ERR: 无法加载控制器:Php

[ 2017-02-28T16:57:36+08:00 ] 127.0.0.1 /admin.php/Inform/article-zhang.html
ERR: 非法操作:article-zhang

[ 2017-02-28T16:57:42+08:00 ] 127.0.0.1 /admin.php/Index/article-add.html
ERR: 非法操作:article-add

[ 2017-02-28T17:02:08+08:00 ] 127.0.0.1 /admin.php/Index/article-add.html
ERR: 非法操作:article-add

[ 2017-02-28T17:06:58+08:00 ] 127.0.0.1 /admin.php/Index/informAdd
ERR: 非法操作:informAdd

[ 2017-02-28T17:08:28+08:00 ] 127.0.0.1 /admin.php/Index/informAdd
ERR: 非法操作:informAdd

[ 2017-02-28T17:09:18+08:00 ] 127.0.0.1 /admin.php/Index/informAdd
ERR: 非法操作:informAdd

[ 2017-02-28T17:09:23+08:00 ] 127.0.0.1 /admin.php/Index/informAdd
ERR: 非法操作:informAdd

[ 2017-02-28T17:29:18+08:00 ] 127.0.0.1 /admin.php/Index/picture-list.html
ERR: 非法操作:picture-list

