[ 2017-03-14T12:00:19+08:00 ] 127.0.0.1 /admin.php/Pest/pestList.html
INFO: [ app_begin ] --START--
INFO: Run Behavior\ReadHtmlCacheBehavior [ RunTime:0.001000s ]
INFO: [ app_begin ] --END-- [ RunTime:0.001000s ]
ERR: 无法加载控制器:Pest

[ 2017-03-14T12:00:33+08:00 ] 127.0.0.1 /admin.php/Pest/pestList.html
INFO: [ app_begin ] --START--
INFO: Run Behavior\ReadHtmlCacheBehavior [ RunTime:0.001000s ]
INFO: [ app_begin ] --END-- [ RunTime:0.001000s ]
ERR: 无法加载控制器:Pest

[ 2017-03-14T12:01:05+08:00 ] 127.0.0.1 /admin.php/Pest/pestList.html
INFO: [ app_begin ] --START--
INFO: Run Behavior\ReadHtmlCacheBehavior [ RunTime:0.000000s ]
INFO: [ app_begin ] --END-- [ RunTime:0.001000s ]
ERR: 无法加载控制器:Pest

[ 2017-03-14T13:25:37+08:00 ] 127.0.0.1 /admin.php/Pests/pestList.html
INFO: [ app_begin ] --START--
INFO: Run Behavior\ReadHtmlCacheBehavior [ RunTime:0.000000s ]
INFO: [ app_begin ] --END-- [ RunTime:0.001000s ]
SQL: SHOW COLUMNS FROM `iot_pest` [ RunTime:0.0050s ]
SQL: SELECT * FROM `iot_pest` ORDER BY pest_id asc LIMIT 0,10   [ RunTime:0.0010s ]
INFO: [ view_parse ] --START--
INFO: [ template_filter ] --START--
INFO: Run Behavior\ContentReplaceBehavior [ RunTime:0.001000s ]
INFO: [ template_filter ] --END-- [ RunTime:0.001000s ]
NOTIC: [8] Undefined index: pest_type E:\WorkSpace\NetBeans\news\Runtime\Cache\Admin\de13ce49fca86a0089909236d2329d34.php 第 83 行.
NOTIC: [8] Undefined index: pest_type E:\WorkSpace\NetBeans\news\Runtime\Cache\Admin\de13ce49fca86a0089909236d2329d34.php 第 83 行.
NOTIC: [8] Undefined index: pest_type E:\WorkSpace\NetBeans\news\Runtime\Cache\Admin\de13ce49fca86a0089909236d2329d34.php 第 83 行.
NOTIC: [8] Undefined index: pest_type E:\WorkSpace\NetBeans\news\Runtime\Cache\Admin\de13ce49fca86a0089909236d2329d34.php 第 83 行.
NOTIC: [8] Undefined index: pest_type E:\WorkSpace\NetBeans\news\Runtime\Cache\Admin\de13ce49fca86a0089909236d2329d34.php 第 83 行.
NOTIC: [8] Undefined index: pest_type E:\WorkSpace\NetBeans\news\Runtime\Cache\Admin\de13ce49fca86a0089909236d2329d34.php 第 83 行.
NOTIC: [8] Undefined index: pest_type E:\WorkSpace\NetBeans\news\Runtime\Cache\Admin\de13ce49fca86a0089909236d2329d34.php 第 83 行.
NOTIC: [8] Undefined index: pest_type E:\WorkSpace\NetBeans\news\Runtime\Cache\Admin\de13ce49fca86a0089909236d2329d34.php 第 83 行.
NOTIC: [8] Undefined index: pest_type E:\WorkSpace\NetBeans\news\Runtime\Cache\Admin\de13ce49fca86a0089909236d2329d34.php 第 83 行.
NOTIC: [8] Undefined index: pest_type E:\WorkSpace\NetBeans\news\Runtime\Cache\Admin\de13ce49fca86a0089909236d2329d34.php 第 83 行.
INFO: Run Behavior\ParseTemplateBehavior [ RunTime:0.013001s ]
INFO: [ view_parse ] --END-- [ RunTime:0.013001s ]
INFO: [ view_filter ] --START--
INFO: Run Behavior\WriteHtmlCacheBehavior [ RunTime:0.000000s ]
INFO: [ view_filter ] --END-- [ RunTime:0.000000s ]
INFO: [ app_end ] --START--
INFO: Run Behavior\ShowPageTraceBehavior [ RunTime:0.001000s ]
INFO: [ app_end ] --END-- [ RunTime:0.001000s ]

[ 2017-03-14T13:35:55+08:00 ] 127.0.0.1 /admin.php/Pests/pestList.html
INFO: [ app_begin ] --START--
INFO: Run Behavior\ReadHtmlCacheBehavior [ RunTime:0.000000s ]
INFO: [ app_begin ] --END-- [ RunTime:0.001000s ]
SQL: SHOW COLUMNS FROM `iot_pest` [ RunTime:0.0040s ]
SQL: SELECT * FROM `iot_pest` ORDER BY pest_id asc LIMIT 0,10   [ RunTime:0.0000s ]
INFO: [ view_parse ] --START--
INFO: [ template_filter ] --START--
INFO: Run Behavior\ContentReplaceBehavior [ RunTime:0.000000s ]
INFO: [ template_filter ] --END-- [ RunTime:0.001000s ]
NOTIC: [8] Undefined index: pest_type E:\WorkSpace\NetBeans\news\Runtime\Cache\Admin\de13ce49fca86a0089909236d2329d34.php 第 83 行.
NOTIC: [8] Undefined index: pest_type E:\WorkSpace\NetBeans\news\Runtime\Cache\Admin\de13ce49fca86a0089909236d2329d34.php 第 83 行.
NOTIC: [8] Undefined index: pest_type E:\WorkSpace\NetBeans\news\Runtime\Cache\Admin\de13ce49fca86a0089909236d2329d34.php 第 83 行.
NOTIC: [8] Undefined index: pest_type E:\WorkSpace\NetBeans\news\Runtime\Cache\Admin\de13ce49fca86a0089909236d2329d34.php 第 83 行.
NOTIC: [8] Undefined index: pest_type E:\WorkSpace\NetBeans\news\Runtime\Cache\Admin\de13ce49fca86a0089909236d2329d34.php 第 83 行.
NOTIC: [8] Undefined index: pest_type E:\WorkSpace\NetBeans\news\Runtime\Cache\Admin\de13ce49fca86a0089909236d2329d34.php 第 83 行.
NOTIC: [8] Undefined index: pest_type E:\WorkSpace\NetBeans\news\Runtime\Cache\Admin\de13ce49fca86a0089909236d2329d34.php 第 83 行.
NOTIC: [8] Undefined index: pest_type E:\WorkSpace\NetBeans\news\Runtime\Cache\Admin\de13ce49fca86a0089909236d2329d34.php 第 83 行.
NOTIC: [8] Undefined index: pest_type E:\WorkSpace\NetBeans\news\Runtime\Cache\Admin\de13ce49fca86a0089909236d2329d34.php 第 83 行.
NOTIC: [8] Undefined index: pest_type E:\WorkSpace\NetBeans\news\Runtime\Cache\Admin\de13ce49fca86a0089909236d2329d34.php 第 83 行.
INFO: Run Behavior\ParseTemplateBehavior [ RunTime:0.010001s ]
INFO: [ view_parse ] --END-- [ RunTime:0.010001s ]
INFO: [ view_filter ] --START--
INFO: Run Behavior\WriteHtmlCacheBehavior [ RunTime:0.001000s ]
INFO: [ view_filter ] --END-- [ RunTime:0.001000s ]
INFO: [ app_end ] --START--
INFO: Run Behavior\ShowPageTraceBehavior [ RunTime:0.001000s ]
INFO: [ app_end ] --END-- [ RunTime:0.001000s ]

[ 2017-03-14T13:44:38+08:00 ] 127.0.0.1 /admin.php/Pests/pestList.html
INFO: [ app_begin ] --START--
INFO: Run Behavior\ReadHtmlCacheBehavior [ RunTime:0.001000s ]
INFO: [ app_begin ] --END-- [ RunTime:0.001000s ]
SQL: SHOW COLUMNS FROM `iot_pest` [ RunTime:0.0040s ]
SQL: SELECT * FROM `iot_pest` ORDER BY pest_id asc LIMIT 0,10   [ RunTime:0.0010s ]
INFO: [ view_parse ] --START--
INFO: [ template_filter ] --START--
INFO: Run Behavior\ContentReplaceBehavior [ RunTime:0.000000s ]
INFO: [ template_filter ] --END-- [ RunTime:0.001000s ]
NOTIC: [8] Undefined index: pest_type E:\WorkSpace\NetBeans\news\Runtime\Cache\Admin\de13ce49fca86a0089909236d2329d34.php 第 83 行.
NOTIC: [8] Undefined index: pest_type E:\WorkSpace\NetBeans\news\Runtime\Cache\Admin\de13ce49fca86a0089909236d2329d34.php 第 83 行.
NOTIC: [8] Undefined index: pest_type E:\WorkSpace\NetBeans\news\Runtime\Cache\Admin\de13ce49fca86a0089909236d2329d34.php 第 83 行.
NOTIC: [8] Undefined index: pest_type E:\WorkSpace\NetBeans\news\Runtime\Cache\Admin\de13ce49fca86a0089909236d2329d34.php 第 83 行.
NOTIC: [8] Undefined index: pest_type E:\WorkSpace\NetBeans\news\Runtime\Cache\Admin\de13ce49fca86a0089909236d2329d34.php 第 83 行.
NOTIC: [8] Undefined index: pest_type E:\WorkSpace\NetBeans\news\Runtime\Cache\Admin\de13ce49fca86a0089909236d2329d34.php 第 83 行.
NOTIC: [8] Undefined index: pest_type E:\WorkSpace\NetBeans\news\Runtime\Cache\Admin\de13ce49fca86a0089909236d2329d34.php 第 83 行.
NOTIC: [8] Undefined index: pest_type E:\WorkSpace\NetBeans\news\Runtime\Cache\Admin\de13ce49fca86a0089909236d2329d34.php 第 83 行.
NOTIC: [8] Undefined index: pest_type E:\WorkSpace\NetBeans\news\Runtime\Cache\Admin\de13ce49fca86a0089909236d2329d34.php 第 83 行.
NOTIC: [8] Undefined index: pest_type E:\WorkSpace\NetBeans\news\Runtime\Cache\Admin\de13ce49fca86a0089909236d2329d34.php 第 83 行.
INFO: Run Behavior\ParseTemplateBehavior [ RunTime:0.012001s ]
INFO: [ view_parse ] --END-- [ RunTime:0.012001s ]
INFO: [ view_filter ] --START--
INFO: Run Behavior\WriteHtmlCacheBehavior [ RunTime:0.000000s ]
INFO: [ view_filter ] --END-- [ RunTime:0.000000s ]
INFO: [ app_end ] --START--
INFO: Run Behavior\ShowPageTraceBehavior [ RunTime:0.001000s ]
INFO: [ app_end ] --END-- [ RunTime:0.001000s ]

[ 2017-03-14T16:58:28+08:00 ] 192.168.0.109 /admin.php/Pests/pestList.html
INFO: [ app_begin ] --START--
INFO: Run Behavior\ReadHtmlCacheBehavior [ RunTime:0.001000s ]
INFO: [ app_begin ] --END-- [ RunTime:0.003000s ]
SQL: SHOW COLUMNS FROM `iot_pest` [ RunTime:0.0040s ]
SQL: SELECT * FROM `iot_pest` ORDER BY pest_id asc LIMIT 0,10   [ RunTime:0.0000s ]
INFO: [ view_parse ] --START--
INFO: [ template_filter ] --START--
INFO: Run Behavior\ContentReplaceBehavior [ RunTime:0.001000s ]
INFO: [ template_filter ] --END-- [ RunTime:0.001000s ]
NOTIC: [8] Undefined index: pest_type D:\phpStudy\WWW\Runtime\Cache\Admin\de13ce49fca86a0089909236d2329d34.php 第 83 行.
NOTIC: [8] Undefined index: pest_type D:\phpStudy\WWW\Runtime\Cache\Admin\de13ce49fca86a0089909236d2329d34.php 第 83 行.
NOTIC: [8] Undefined index: pest_type D:\phpStudy\WWW\Runtime\Cache\Admin\de13ce49fca86a0089909236d2329d34.php 第 83 行.
NOTIC: [8] Undefined index: pest_type D:\phpStudy\WWW\Runtime\Cache\Admin\de13ce49fca86a0089909236d2329d34.php 第 83 行.
NOTIC: [8] Undefined index: pest_type D:\phpStudy\WWW\Runtime\Cache\Admin\de13ce49fca86a0089909236d2329d34.php 第 83 行.
NOTIC: [8] Undefined index: pest_type D:\phpStudy\WWW\Runtime\Cache\Admin\de13ce49fca86a0089909236d2329d34.php 第 83 行.
NOTIC: [8] Undefined index: pest_type D:\phpStudy\WWW\Runtime\Cache\Admin\de13ce49fca86a0089909236d2329d34.php 第 83 行.
NOTIC: [8] Undefined index: pest_type D:\phpStudy\WWW\Runtime\Cache\Admin\de13ce49fca86a0089909236d2329d34.php 第 83 行.
NOTIC: [8] Undefined index: pest_type D:\phpStudy\WWW\Runtime\Cache\Admin\de13ce49fca86a0089909236d2329d34.php 第 83 行.
NOTIC: [8] Undefined index: pest_type D:\phpStudy\WWW\Runtime\Cache\Admin\de13ce49fca86a0089909236d2329d34.php 第 83 行.
INFO: Run Behavior\ParseTemplateBehavior [ RunTime:0.012000s ]
INFO: [ view_parse ] --END-- [ RunTime:0.012000s ]
INFO: [ view_filter ] --START--
INFO: Run Behavior\WriteHtmlCacheBehavior [ RunTime:0.000000s ]
INFO: [ view_filter ] --END-- [ RunTime:0.000000s ]
INFO: [ app_end ] --START--
INFO: Run Behavior\ShowPageTraceBehavior [ RunTime:0.000000s ]
INFO: [ app_end ] --END-- [ RunTime:0.000000s ]

[ 2017-03-14T16:59:06+08:00 ] 192.168.0.109 /admin.php/Pests/pestList.html
INFO: [ app_begin ] --START--
INFO: Run Behavior\ReadHtmlCacheBehavior [ RunTime:0.001000s ]
INFO: [ app_begin ] --END-- [ RunTime:0.003000s ]
SQL: SHOW COLUMNS FROM `iot_pest` [ RunTime:0.0030s ]
SQL: SELECT * FROM `iot_pest` ORDER BY pest_id asc LIMIT 0,10   [ RunTime:0.0010s ]
INFO: [ view_parse ] --START--
INFO: [ template_filter ] --START--
INFO: Run Behavior\ContentReplaceBehavior [ RunTime:0.001001s ]
INFO: [ template_filter ] --END-- [ RunTime:0.001001s ]
NOTIC: [8] Undefined index: pest_type D:\phpStudy\WWW\Runtime\Cache\Admin\de13ce49fca86a0089909236d2329d34.php 第 83 行.
NOTIC: [8] Undefined index: pest_type D:\phpStudy\WWW\Runtime\Cache\Admin\de13ce49fca86a0089909236d2329d34.php 第 83 行.
NOTIC: [8] Undefined index: pest_type D:\phpStudy\WWW\Runtime\Cache\Admin\de13ce49fca86a0089909236d2329d34.php 第 83 行.
NOTIC: [8] Undefined index: pest_type D:\phpStudy\WWW\Runtime\Cache\Admin\de13ce49fca86a0089909236d2329d34.php 第 83 行.
NOTIC: [8] Undefined index: pest_type D:\phpStudy\WWW\Runtime\Cache\Admin\de13ce49fca86a0089909236d2329d34.php 第 83 行.
NOTIC: [8] Undefined index: pest_type D:\phpStudy\WWW\Runtime\Cache\Admin\de13ce49fca86a0089909236d2329d34.php 第 83 行.
NOTIC: [8] Undefined index: pest_type D:\phpStudy\WWW\Runtime\Cache\Admin\de13ce49fca86a0089909236d2329d34.php 第 83 行.
NOTIC: [8] Undefined index: pest_type D:\phpStudy\WWW\Runtime\Cache\Admin\de13ce49fca86a0089909236d2329d34.php 第 83 行.
NOTIC: [8] Undefined index: pest_type D:\phpStudy\WWW\Runtime\Cache\Admin\de13ce49fca86a0089909236d2329d34.php 第 83 行.
NOTIC: [8] Undefined index: pest_type D:\phpStudy\WWW\Runtime\Cache\Admin\de13ce49fca86a0089909236d2329d34.php 第 83 行.
INFO: Run Behavior\ParseTemplateBehavior [ RunTime:0.013001s ]
INFO: [ view_parse ] --END-- [ RunTime:0.013001s ]
INFO: [ view_filter ] --START--
INFO: Run Behavior\WriteHtmlCacheBehavior [ RunTime:0.000000s ]
INFO: [ view_filter ] --END-- [ RunTime:0.000000s ]
INFO: [ app_end ] --START--
INFO: Run Behavior\ShowPageTraceBehavior [ RunTime:0.000000s ]
INFO: [ app_end ] --END-- [ RunTime:0.000000s ]

[ 2017-03-14T16:59:27+08:00 ] 192.168.0.109 /admin.php/Pests/pestList.html
INFO: [ app_begin ] --START--
INFO: Run Behavior\ReadHtmlCacheBehavior [ RunTime:0.001000s ]
INFO: [ app_begin ] --END-- [ RunTime:0.002000s ]
SQL: SHOW COLUMNS FROM `iot_pest` [ RunTime:0.0030s ]
SQL: SELECT * FROM `iot_pest` ORDER BY pest_id asc LIMIT 0,10   [ RunTime:0.0000s ]
INFO: [ view_parse ] --START--
INFO: [ template_filter ] --START--
INFO: Run Behavior\ContentReplaceBehavior [ RunTime:0.001000s ]
INFO: [ template_filter ] --END-- [ RunTime:0.001000s ]
NOTIC: [8] Undefined index: pest_type D:\phpStudy\WWW\Runtime\Cache\Admin\de13ce49fca86a0089909236d2329d34.php 第 83 行.
NOTIC: [8] Undefined index: pest_type D:\phpStudy\WWW\Runtime\Cache\Admin\de13ce49fca86a0089909236d2329d34.php 第 83 行.
NOTIC: [8] Undefined index: pest_type D:\phpStudy\WWW\Runtime\Cache\Admin\de13ce49fca86a0089909236d2329d34.php 第 83 行.
NOTIC: [8] Undefined index: pest_type D:\phpStudy\WWW\Runtime\Cache\Admin\de13ce49fca86a0089909236d2329d34.php 第 83 行.
NOTIC: [8] Undefined index: pest_type D:\phpStudy\WWW\Runtime\Cache\Admin\de13ce49fca86a0089909236d2329d34.php 第 83 行.
NOTIC: [8] Undefined index: pest_type D:\phpStudy\WWW\Runtime\Cache\Admin\de13ce49fca86a0089909236d2329d34.php 第 83 行.
NOTIC: [8] Undefined index: pest_type D:\phpStudy\WWW\Runtime\Cache\Admin\de13ce49fca86a0089909236d2329d34.php 第 83 行.
NOTIC: [8] Undefined index: pest_type D:\phpStudy\WWW\Runtime\Cache\Admin\de13ce49fca86a0089909236d2329d34.php 第 83 行.
NOTIC: [8] Undefined index: pest_type D:\phpStudy\WWW\Runtime\Cache\Admin\de13ce49fca86a0089909236d2329d34.php 第 83 行.
NOTIC: [8] Undefined index: pest_type D:\phpStudy\WWW\Runtime\Cache\Admin\de13ce49fca86a0089909236d2329d34.php 第 83 行.
INFO: Run Behavior\ParseTemplateBehavior [ RunTime:0.014000s ]
INFO: [ view_parse ] --END-- [ RunTime:0.014000s ]
INFO: [ view_filter ] --START--
INFO: Run Behavior\WriteHtmlCacheBehavior [ RunTime:0.001001s ]
INFO: [ view_filter ] --END-- [ RunTime:0.001001s ]
INFO: [ app_end ] --START--
INFO: Run Behavior\ShowPageTraceBehavior [ RunTime:0.000000s ]
INFO: [ app_end ] --END-- [ RunTime:0.001000s ]

[ 2017-03-14T16:59:34+08:00 ] 192.168.0.109 /admin.php/Pests/pestList.html
INFO: [ app_begin ] --START--
INFO: Run Behavior\ReadHtmlCacheBehavior [ RunTime:0.000000s ]
INFO: [ app_begin ] --END-- [ RunTime:0.001000s ]
SQL: SHOW COLUMNS FROM `iot_pest` [ RunTime:0.0020s ]
SQL: SELECT * FROM `iot_pest` ORDER BY pest_id asc LIMIT 0,10   [ RunTime:0.0010s ]
INFO: [ view_parse ] --START--
INFO: [ template_filter ] --START--
INFO: Run Behavior\ContentReplaceBehavior [ RunTime:0.000000s ]
INFO: [ template_filter ] --END-- [ RunTime:0.000000s ]
NOTIC: [8] Undefined index: pest_type D:\phpStudy\WWW\Runtime\Cache\Admin\de13ce49fca86a0089909236d2329d34.php 第 83 行.
NOTIC: [8] Undefined index: pest_type D:\phpStudy\WWW\Runtime\Cache\Admin\de13ce49fca86a0089909236d2329d34.php 第 83 行.
NOTIC: [8] Undefined index: pest_type D:\phpStudy\WWW\Runtime\Cache\Admin\de13ce49fca86a0089909236d2329d34.php 第 83 行.
NOTIC: [8] Undefined index: pest_type D:\phpStudy\WWW\Runtime\Cache\Admin\de13ce49fca86a0089909236d2329d34.php 第 83 行.
NOTIC: [8] Undefined index: pest_type D:\phpStudy\WWW\Runtime\Cache\Admin\de13ce49fca86a0089909236d2329d34.php 第 83 行.
NOTIC: [8] Undefined index: pest_type D:\phpStudy\WWW\Runtime\Cache\Admin\de13ce49fca86a0089909236d2329d34.php 第 83 行.
NOTIC: [8] Undefined index: pest_type D:\phpStudy\WWW\Runtime\Cache\Admin\de13ce49fca86a0089909236d2329d34.php 第 83 行.
NOTIC: [8] Undefined index: pest_type D:\phpStudy\WWW\Runtime\Cache\Admin\de13ce49fca86a0089909236d2329d34.php 第 83 行.
NOTIC: [8] Undefined index: pest_type D:\phpStudy\WWW\Runtime\Cache\Admin\de13ce49fca86a0089909236d2329d34.php 第 83 行.
NOTIC: [8] Undefined index: pest_type D:\phpStudy\WWW\Runtime\Cache\Admin\de13ce49fca86a0089909236d2329d34.php 第 83 行.
INFO: Run Behavior\ParseTemplateBehavior [ RunTime:0.008000s ]
INFO: [ view_parse ] --END-- [ RunTime:0.008000s ]
INFO: [ view_filter ] --START--
INFO: Run Behavior\WriteHtmlCacheBehavior [ RunTime:0.000000s ]
INFO: [ view_filter ] --END-- [ RunTime:0.000000s ]
INFO: [ app_end ] --START--
INFO: Run Behavior\ShowPageTraceBehavior [ RunTime:0.001000s ]
INFO: [ app_end ] --END-- [ RunTime:0.001000s ]

[ 2017-03-14T17:03:11+08:00 ] 192.168.0.109 /admin.php/Pests/pestList.html
INFO: [ app_begin ] --START--
INFO: Run Behavior\ReadHtmlCacheBehavior [ RunTime:0.002000s ]
INFO: [ app_begin ] --END-- [ RunTime:0.003000s ]
SQL: SHOW COLUMNS FROM `iot_pest` [ RunTime:0.0040s ]
SQL: SELECT * FROM `iot_pest` ORDER BY pest_id asc LIMIT 0,10   [ RunTime:0.0010s ]
INFO: [ view_parse ] --START--
INFO: [ template_filter ] --START--
INFO: Run Behavior\ContentReplaceBehavior [ RunTime:0.000000s ]
INFO: [ template_filter ] --END-- [ RunTime:0.000000s ]
NOTIC: [8] Undefined index: pest_type D:\phpStudy\WWW\Runtime\Cache\Admin\de13ce49fca86a0089909236d2329d34.php 第 83 行.
NOTIC: [8] Undefined index: pest_type D:\phpStudy\WWW\Runtime\Cache\Admin\de13ce49fca86a0089909236d2329d34.php 第 83 行.
NOTIC: [8] Undefined index: pest_type D:\phpStudy\WWW\Runtime\Cache\Admin\de13ce49fca86a0089909236d2329d34.php 第 83 行.
NOTIC: [8] Undefined index: pest_type D:\phpStudy\WWW\Runtime\Cache\Admin\de13ce49fca86a0089909236d2329d34.php 第 83 行.
NOTIC: [8] Undefined index: pest_type D:\phpStudy\WWW\Runtime\Cache\Admin\de13ce49fca86a0089909236d2329d34.php 第 83 行.
NOTIC: [8] Undefined index: pest_type D:\phpStudy\WWW\Runtime\Cache\Admin\de13ce49fca86a0089909236d2329d34.php 第 83 行.
NOTIC: [8] Undefined index: pest_type D:\phpStudy\WWW\Runtime\Cache\Admin\de13ce49fca86a0089909236d2329d34.php 第 83 行.
NOTIC: [8] Undefined index: pest_type D:\phpStudy\WWW\Runtime\Cache\Admin\de13ce49fca86a0089909236d2329d34.php 第 83 行.
NOTIC: [8] Undefined index: pest_type D:\phpStudy\WWW\Runtime\Cache\Admin\de13ce49fca86a0089909236d2329d34.php 第 83 行.
NOTIC: [8] Undefined index: pest_type D:\phpStudy\WWW\Runtime\Cache\Admin\de13ce49fca86a0089909236d2329d34.php 第 83 行.
INFO: Run Behavior\ParseTemplateBehavior [ RunTime:0.012001s ]
INFO: [ view_parse ] --END-- [ RunTime:0.012001s ]
INFO: [ view_filter ] --START--
INFO: Run Behavior\WriteHtmlCacheBehavior [ RunTime:0.000000s ]
INFO: [ view_filter ] --END-- [ RunTime:0.001000s ]
INFO: [ app_end ] --START--
INFO: Run Behavior\ShowPageTraceBehavior [ RunTime:0.000000s ]
INFO: [ app_end ] --END-- [ RunTime:0.000000s ]

[ 2017-03-14T17:21:16+08:00 ] 192.168.0.109 /admin.php/Pests/pestList.html
INFO: [ app_begin ] --START--
INFO: Run Behavior\ReadHtmlCacheBehavior [ RunTime:0.001000s ]
INFO: [ app_begin ] --END-- [ RunTime:0.001000s ]
SQL: SHOW COLUMNS FROM `iot_pest` [ RunTime:0.0040s ]
SQL: SELECT * FROM `iot_pest` ORDER BY pest_id asc LIMIT 0,10   [ RunTime:0.0000s ]
INFO: [ view_parse ] --START--
INFO: [ template_filter ] --START--
INFO: Run Behavior\ContentReplaceBehavior [ RunTime:0.000000s ]
INFO: [ template_filter ] --END-- [ RunTime:0.000000s ]
NOTIC: [8] Undefined index: pest_type D:\phpStudy\WWW\Runtime\Cache\Admin\de13ce49fca86a0089909236d2329d34.php 第 83 行.
NOTIC: [8] Undefined index: pest_type D:\phpStudy\WWW\Runtime\Cache\Admin\de13ce49fca86a0089909236d2329d34.php 第 83 行.
NOTIC: [8] Undefined index: pest_type D:\phpStudy\WWW\Runtime\Cache\Admin\de13ce49fca86a0089909236d2329d34.php 第 83 行.
NOTIC: [8] Undefined index: pest_type D:\phpStudy\WWW\Runtime\Cache\Admin\de13ce49fca86a0089909236d2329d34.php 第 83 行.
NOTIC: [8] Undefined index: pest_type D:\phpStudy\WWW\Runtime\Cache\Admin\de13ce49fca86a0089909236d2329d34.php 第 83 行.
NOTIC: [8] Undefined index: pest_type D:\phpStudy\WWW\Runtime\Cache\Admin\de13ce49fca86a0089909236d2329d34.php 第 83 行.
NOTIC: [8] Undefined index: pest_type D:\phpStudy\WWW\Runtime\Cache\Admin\de13ce49fca86a0089909236d2329d34.php 第 83 行.
NOTIC: [8] Undefined index: pest_type D:\phpStudy\WWW\Runtime\Cache\Admin\de13ce49fca86a0089909236d2329d34.php 第 83 行.
NOTIC: [8] Undefined index: pest_type D:\phpStudy\WWW\Runtime\Cache\Admin\de13ce49fca86a0089909236d2329d34.php 第 83 行.
NOTIC: [8] Undefined index: pest_type D:\phpStudy\WWW\Runtime\Cache\Admin\de13ce49fca86a0089909236d2329d34.php 第 83 行.
INFO: Run Behavior\ParseTemplateBehavior [ RunTime:0.012000s ]
INFO: [ view_parse ] --END-- [ RunTime:0.012000s ]
INFO: [ view_filter ] --START--
INFO: Run Behavior\WriteHtmlCacheBehavior [ RunTime:0.001000s ]
INFO: [ view_filter ] --END-- [ RunTime:0.001000s ]
INFO: [ app_end ] --START--
INFO: Run Behavior\ShowPageTraceBehavior [ RunTime:0.001000s ]
INFO: [ app_end ] --END-- [ RunTime:0.001000s ]

[ 2017-03-14T17:24:05+08:00 ] 192.168.0.109 /admin.php/Pests/pestList.html
INFO: [ app_begin ] --START--
INFO: Run Behavior\ReadHtmlCacheBehavior [ RunTime:0.001000s ]
INFO: [ app_begin ] --END-- [ RunTime:0.002000s ]
SQL: SHOW COLUMNS FROM `iot_pest` [ RunTime:0.0040s ]
SQL: SELECT * FROM `iot_pest` ORDER BY pest_id asc LIMIT 0,10   [ RunTime:0.0010s ]
INFO: [ view_parse ] --START--
INFO: [ template_filter ] --START--
INFO: Run Behavior\ContentReplaceBehavior [ RunTime:0.000000s ]
INFO: [ template_filter ] --END-- [ RunTime:0.000000s ]
NOTIC: [8] Undefined index: pest_type D:\phpStudy\WWW\Runtime\Cache\Admin\de13ce49fca86a0089909236d2329d34.php 第 83 行.
NOTIC: [8] Undefined index: pest_type D:\phpStudy\WWW\Runtime\Cache\Admin\de13ce49fca86a0089909236d2329d34.php 第 83 行.
NOTIC: [8] Undefined index: pest_type D:\phpStudy\WWW\Runtime\Cache\Admin\de13ce49fca86a0089909236d2329d34.php 第 83 行.
NOTIC: [8] Undefined index: pest_type D:\phpStudy\WWW\Runtime\Cache\Admin\de13ce49fca86a0089909236d2329d34.php 第 83 行.
NOTIC: [8] Undefined index: pest_type D:\phpStudy\WWW\Runtime\Cache\Admin\de13ce49fca86a0089909236d2329d34.php 第 83 行.
NOTIC: [8] Undefined index: pest_type D:\phpStudy\WWW\Runtime\Cache\Admin\de13ce49fca86a0089909236d2329d34.php 第 83 行.
NOTIC: [8] Undefined index: pest_type D:\phpStudy\WWW\Runtime\Cache\Admin\de13ce49fca86a0089909236d2329d34.php 第 83 行.
NOTIC: [8] Undefined index: pest_type D:\phpStudy\WWW\Runtime\Cache\Admin\de13ce49fca86a0089909236d2329d34.php 第 83 行.
NOTIC: [8] Undefined index: pest_type D:\phpStudy\WWW\Runtime\Cache\Admin\de13ce49fca86a0089909236d2329d34.php 第 83 行.
NOTIC: [8] Undefined index: pest_type D:\phpStudy\WWW\Runtime\Cache\Admin\de13ce49fca86a0089909236d2329d34.php 第 83 行.
INFO: Run Behavior\ParseTemplateBehavior [ RunTime:0.016001s ]
INFO: [ view_parse ] --END-- [ RunTime:0.016001s ]
INFO: [ view_filter ] --START--
INFO: Run Behavior\WriteHtmlCacheBehavior [ RunTime:0.001000s ]
INFO: [ view_filter ] --END-- [ RunTime:0.001000s ]
INFO: [ app_end ] --START--
INFO: Run Behavior\ShowPageTraceBehavior [ RunTime:0.001000s ]
INFO: [ app_end ] --END-- [ RunTime:0.001000s ]

[ 2017-03-14T17:24:39+08:00 ] 192.168.0.109 /admin.php/Pests/pestList.html
INFO: [ app_begin ] --START--
INFO: Run Behavior\ReadHtmlCacheBehavior [ RunTime:0.000000s ]
INFO: [ app_begin ] --END-- [ RunTime:0.001000s ]
INFO: [ app_end ] --START--
INFO: Run Behavior\ShowPageTraceBehavior [ RunTime:0.001000s ]
INFO: [ app_end ] --END-- [ RunTime:0.001000s ]

[ 2017-03-14T17:25:58+08:00 ] 192.168.0.109 /admin.php/Pests/pestList.html
INFO: [ app_begin ] --START--
INFO: Run Behavior\ReadHtmlCacheBehavior [ RunTime:0.001000s ]
INFO: [ app_begin ] --END-- [ RunTime:0.002000s ]

[ 2017-03-14T17:27:15+08:00 ] 192.168.0.109 /admin.php/Pests/pestList.html
INFO: [ app_begin ] --START--
INFO: Run Behavior\ReadHtmlCacheBehavior [ RunTime:0.001000s ]
INFO: [ app_begin ] --END-- [ RunTime:0.001000s ]

[ 2017-03-14T17:27:28+08:00 ] 192.168.0.109 /admin.php/Pests/pestList.html
INFO: [ app_begin ] --START--
INFO: Run Behavior\ReadHtmlCacheBehavior [ RunTime:0.001000s ]
INFO: [ app_begin ] --END-- [ RunTime:0.001000s ]

[ 2017-03-14T17:27:39+08:00 ] 192.168.0.109 /admin.php/Pests/pestList.html
INFO: [ app_begin ] --START--
INFO: Run Behavior\ReadHtmlCacheBehavior [ RunTime:0.001000s ]
INFO: [ app_begin ] --END-- [ RunTime:0.002001s ]

[ 2017-03-14T17:33:34+08:00 ] 192.168.0.109 /admin.php/Pests/pestList.html
INFO: [ app_begin ] --START--
INFO: Run Behavior\ReadHtmlCacheBehavior [ RunTime:0.000000s ]
INFO: [ app_begin ] --END-- [ RunTime:0.001000s ]

[ 2017-03-14T17:43:11+08:00 ] 192.168.0.109 /admin.php/Pests/pestList.html
INFO: [ app_begin ] --START--
INFO: Run Behavior\ReadHtmlCacheBehavior [ RunTime:0.001000s ]
INFO: [ app_begin ] --END-- [ RunTime:0.002001s ]

[ 2017-03-14T17:49:49+08:00 ] 192.168.0.109 /admin.php/Pests/pestList.html
INFO: [ app_begin ] --START--
INFO: Run Behavior\ReadHtmlCacheBehavior [ RunTime:0.000000s ]
INFO: [ app_begin ] --END-- [ RunTime:0.002000s ]
SQL: SHOW COLUMNS FROM `iot_pest` [ RunTime:0.0040s ]
SQL: SELECT * FROM `iot_pest` LIMIT 0,10   [ RunTime:0.0010s ]

[ 2017-03-14T17:50:19+08:00 ] 192.168.0.109 /admin.php/Pests/pestList.html
INFO: [ app_begin ] --START--
INFO: Run Behavior\ReadHtmlCacheBehavior [ RunTime:0.000000s ]
INFO: [ app_begin ] --END-- [ RunTime:0.001000s ]
SQL: SHOW COLUMNS FROM `iot_pest` [ RunTime:0.0040s ]
SQL: SELECT * FROM `iot_pest` LIMIT 0,10   [ RunTime:0.0010s ]

